[2m2025-07-18T00:27:38.741312Z[0m [32m INFO[0m [2mthink_ai_full[0m[2m:[0m 🚀 Think AI Full System starting on 0.0.0.0:8081
[2m2025-07-18T00:27:38.741433Z[0m [32m INFO[0m [2mthink_ai_full[0m[2m:[0m 🌐 Server listening on http://0.0.0.0:8081
[2m2025-07-18T00:27:43.922263Z[0m [34mDEBUG[0m [1mrequest[0m[1m{[0m[3mmethod[0m[2m=[0mGET [3muri[0m[2m=[0m/api/knowledge/stats [3mversion[0m[2m=[0mHTTP/1.1[1m}[0m[2m:[0m [2mtower_http::trace::on_request[0m[2m:[0m started processing request
[2m2025-07-18T00:27:43.922295Z[0m [34mDEBUG[0m [1mrequest[0m[1m{[0m[3mmethod[0m[2m=[0mGET [3muri[0m[2m=[0m/api/knowledge/stats [3mversion[0m[2m=[0mHTTP/1.1[1m}[0m[2m:[0m [2mtower_http::trace::on_response[0m[2m:[0m finished processing request [3mlatency[0m[2m=[0m0 ms [3mstatus[0m[2m=[0m200
[2m2025-07-18T00:27:45.443265Z[0m [34mDEBUG[0m [1mrequest[0m[1m{[0m[3mmethod[0m[2m=[0mGET [3muri[0m[2m=[0m/api/knowledge/stats [3mversion[0m[2m=[0mHTTP/1.1[1m}[0m[2m:[0m [2mtower_http::trace::on_request[0m[2m:[0m started processing request
[2m2025-07-18T00:27:45.443401Z[0m [34mDEBUG[0m [1mrequest[0m[1m{[0m[3mmethod[0m[2m=[0mGET [3muri[0m[2m=[0m/api/knowledge/stats [3mversion[0m[2m=[0mHTTP/1.1[1m}[0m[2m:[0m [2mtower_http::trace::on_response[0m[2m:[0m finished processing request [3mlatency[0m[2m=[0m0 ms [3mstatus[0m[2m=[0m200
[2m2025-07-18T00:28:15.441287Z[0m [34mDEBUG[0m [1mrequest[0m[1m{[0m[3mmethod[0m[2m=[0mGET [3muri[0m[2m=[0m/api/knowledge/stats [3mversion[0m[2m=[0mHTTP/1.1[1m}[0m[2m:[0m [2mtower_http::trace::on_request[0m[2m:[0m started processing request
[2m2025-07-18T00:28:15.441397Z[0m [34mDEBUG[0m [1mrequest[0m[1m{[0m[3mmethod[0m[2m=[0mGET [3muri[0m[2m=[0m/api/knowledge/stats [3mversion[0m[2m=[0mHTTP/1.1[1m}[0m[2m:[0m [2mtower_http::trace::on_response[0m[2m:[0m finished processing request [3mlatency[0m[2m=[0m0 ms [3mstatus[0m[2m=[0m200
[2m2025-07-18T00:28:43.920524Z[0m [34mDEBUG[0m [1mrequest[0m[1m{[0m[3mmethod[0m[2m=[0mGET [3muri[0m[2m=[0m/api/knowledge/stats [3mversion[0m[2m=[0mHTTP/1.1[1m}[0m[2m:[0m [2mtower_http::trace::on_request[0m[2m:[0m started processing request
[2m2025-07-18T00:28:43.920636Z[0m [34mDEBUG[0m [1mrequest[0m[1m{[0m[3mmethod[0m[2m=[0mGET [3muri[0m[2m=[0m/api/knowledge/stats [3mversion[0m[2m=[0mHTTP/1.1[1m}[0m[2m:[0m [2mtower_http::trace::on_response[0m[2m:[0m finished processing request [3mlatency[0m[2m=[0m0 ms [3mstatus[0m[2m=[0m200
[2m2025-07-18T00:28:45.439300Z[0m [34mDEBUG[0m [1mrequest[0m[1m{[0m[3mmethod[0m[2m=[0mGET [3muri[0m[2m=[0m/api/knowledge/stats [3mversion[0m[2m=[0mHTTP/1.1[1m}[0m[2m:[0m [2mtower_http::trace::on_request[0m[2m:[0m started processing request
[2m2025-07-18T00:28:45.439403Z[0m [34mDEBUG[0m [1mrequest[0m[1m{[0m[3mmethod[0m[2m=[0mGET [3muri[0m[2m=[0m/api/knowledge/stats [3mversion[0m[2m=[0mHTTP/1.1[1m}[0m[2m:[0m [2mtower_http::trace::on_response[0m[2m:[0m finished processing request [3mlatency[0m[2m=[0m0 ms [3mstatus[0m[2m=[0m200
[2m2025-07-18T00:29:15.439565Z[0m [34mDEBUG[0m [1mrequest[0m[1m{[0m[3mmethod[0m[2m=[0mGET [3muri[0m[2m=[0m/api/knowledge/stats [3mversion[0m[2m=[0mHTTP/1.1[1m}[0m[2m:[0m [2mtower_http::trace::on_request[0m[2m:[0m started processing request
[2m2025-07-18T00:29:15.439674Z[0m [34mDEBUG[0m [1mrequest[0m[1m{[0m[3mmethod[0m[2m=[0mGET [3muri[0m[2m=[0m/api/knowledge/stats [3mversion[0m[2m=[0mHTTP/1.1[1m}[0m[2m:[0m [2mtower_http::trace::on_response[0m[2m:[0m finished processing request [3mlatency[0m[2m=[0m0 ms [3mstatus[0m[2m=[0m200
[2m2025-07-18T00:29:43.921719Z[0m [34mDEBUG[0m [1mrequest[0m[1m{[0m[3mmethod[0m[2m=[0mGET [3muri[0m[2m=[0m/api/knowledge/stats [3mversion[0m[2m=[0mHTTP/1.1[1m}[0m[2m:[0m [2mtower_http::trace::on_request[0m[2m:[0m started processing request
[2m2025-07-18T00:29:43.921748Z[0m [34mDEBUG[0m [1mrequest[0m[1m{[0m[3mmethod[0m[2m=[0mGET [3muri[0m[2m=[0m/api/knowledge/stats [3mversion[0m[2m=[0mHTTP/1.1[1m}[0m[2m:[0m [2mtower_http::trace::on_response[0m[2m:[0m finished processing request [3mlatency[0m[2m=[0m0 ms [3mstatus[0m[2m=[0m200
[2m2025-07-18T00:29:45.440786Z[0m [34mDEBUG[0m [1mrequest[0m[1m{[0m[3mmethod[0m[2m=[0mGET [3muri[0m[2m=[0m/api/knowledge/stats [3mversion[0m[2m=[0mHTTP/1.1[1m}[0m[2m:[0m [2mtower_http::trace::on_request[0m[2m:[0m started processing request
[2m2025-07-18T00:29:45.440820Z[0m [34mDEBUG[0m [1mrequest[0m[1m{[0m[3mmethod[0m[2m=[0mGET [3muri[0m[2m=[0m/api/knowledge/stats [3mversion[0m[2m=[0mHTTP/1.1[1m}[0m[2m:[0m [2mtower_http::trace::on_response[0m[2m:[0m finished processing request [3mlatency[0m[2m=[0m0 ms [3mstatus[0m[2m=[0m200
[2m2025-07-18T00:29:46.650015Z[0m [34mDEBUG[0m [1mrequest[0m[1m{[0m[3mmethod[0m[2m=[0mGET [3muri[0m[2m=[0m/ [3mversion[0m[2m=[0mHTTP/1.1[1m}[0m[2m:[0m [2mtower_http::trace::on_request[0m[2m:[0m started processing request
[2m2025-07-18T00:29:46.650104Z[0m [34mDEBUG[0m [1mrequest[0m[1m{[0m[3mmethod[0m[2m=[0mGET [3muri[0m[2m=[0m/ [3mversion[0m[2m=[0mHTTP/1.1[1m}[0m[2m:[0m [2mtower_http::trace::on_response[0m[2m:[0m finished processing request [3mlatency[0m[2m=[0m0 ms [3mstatus[0m[2m=[0m200
[2m2025-07-18T00:29:47.235617Z[0m [34mDEBUG[0m [1mrequest[0m[1m{[0m[3mmethod[0m[2m=[0mGET [3muri[0m[2m=[0m/ [3mversion[0m[2m=[0mHTTP/1.1[1m}[0m[2m:[0m [2mtower_http::trace::on_request[0m[2m:[0m started processing request
[2m2025-07-18T00:29:47.235704Z[0m [34mDEBUG[0m [1mrequest[0m[1m{[0m[3mmethod[0m[2m=[0mGET [3muri[0m[2m=[0m/ [3mversion[0m[2m=[0mHTTP/1.1[1m}[0m[2m:[0m [2mtower_http::trace::on_response[0m[2m:[0m finished processing request [3mlatency[0m[2m=[0m0 ms [3mstatus[0m[2m=[0m200
[2m2025-07-18T00:30:08.416975Z[0m [34mDEBUG[0m [1mrequest[0m[1m{[0m[3mmethod[0m[2m=[0mPOST [3muri[0m[2m=[0m/api/chat [3mversion[0m[2m=[0mHTTP/1.1[1m}[0m[2m:[0m [2mtower_http::trace::on_request[0m[2m:[0m started processing request
[2m2025-07-18T00:30:08.417074Z[0m [34mDEBUG[0m [1mrequest[0m[1m{[0m[3mmethod[0m[2m=[0mPOST [3muri[0m[2m=[0m/api/chat [3mversion[0m[2m=[0mHTTP/1.1[1m}[0m[2m:[0m [2mtower_http::trace::on_response[0m[2m:[0m finished processing request [3mlatency[0m[2m=[0m0 ms [3mstatus[0m[2m=[0m200
[2m2025-07-18T00:30:08.829398Z[0m [34mDEBUG[0m [1mrequest[0m[1m{[0m[3mmethod[0m[2m=[0mGET [3muri[0m[2m=[0m/api/knowledge/stats [3mversion[0m[2m=[0mHTTP/1.1[1m}[0m[2m:[0m [2mtower_http::trace::on_request[0m[2m:[0m started processing request
[2m2025-07-18T00:30:08.829509Z[0m [34mDEBUG[0m [1mrequest[0m[1m{[0m[3mmethod[0m[2m=[0mGET [3muri[0m[2m=[0m/api/knowledge/stats [3mversion[0m[2m=[0mHTTP/1.1[1m}[0m[2m:[0m [2mtower_http::trace::on_response[0m[2m:[0m finished processing request [3mlatency[0m[2m=[0m0 ms [3mstatus[0m[2m=[0m200
[2m2025-07-18T00:30:11.683445Z[0m [34mDEBUG[0m [1mrequest[0m[1m{[0m[3mmethod[0m[2m=[0mGET [3muri[0m[2m=[0m/ [3mversion[0m[2m=[0mHTTP/1.1[1m}[0m[2m:[0m [2mtower_http::trace::on_request[0m[2m:[0m started processing request
[2m2025-07-18T00:30:11.683532Z[0m [34mDEBUG[0m [1mrequest[0m[1m{[0m[3mmethod[0m[2m=[0mGET [3muri[0m[2m=[0m/ [3mversion[0m[2m=[0mHTTP/1.1[1m}[0m[2m:[0m [2mtower_http::trace::on_response[0m[2m:[0m finished processing request [3mlatency[0m[2m=[0m0 ms [3mstatus[0m[2m=[0m200
[2m2025-07-18T00:30:11.997779Z[0m [34mDEBUG[0m [1mrequest[0m[1m{[0m[3mmethod[0m[2m=[0mGET [3muri[0m[2m=[0m/api/knowledge/stats [3mversion[0m[2m=[0mHTTP/1.1[1m}[0m[2m:[0m [2mtower_http::trace::on_request[0m[2m:[0m started processing request
[2m2025-07-18T00:30:11.997949Z[0m [34mDEBUG[0m [1mrequest[0m[1m{[0m[3mmethod[0m[2m=[0mGET [3muri[0m[2m=[0m/api/knowledge/stats [3mversion[0m[2m=[0mHTTP/1.1[1m}[0m[2m:[0m [2mtower_http::trace::on_response[0m[2m:[0m finished processing request [3mlatency[0m[2m=[0m0 ms [3mstatus[0m[2m=[0m200
[2m2025-07-18T00:30:13.269316Z[0m [34mDEBUG[0m [1mrequest[0m[1m{[0m[3mmethod[0m[2m=[0mGET [3muri[0m[2m=[0m/ [3mversion[0m[2m=[0mHTTP/1.1[1m}[0m[2m:[0m [2mtower_http::trace::on_request[0m[2m:[0m started processing request
[2m2025-07-18T00:30:13.269356Z[0m [34mDEBUG[0m [1mrequest[0m[1m{[0m[3mmethod[0m[2m=[0mGET [3muri[0m[2m=[0m/ [3mversion[0m[2m=[0mHTTP/1.1[1m}[0m[2m:[0m [2mtower_http::trace::on_response[0m[2m:[0m finished processing request [3mlatency[0m[2m=[0m0 ms [3mstatus[0m[2m=[0m200
[2m2025-07-18T00:30:13.582194Z[0m [34mDEBUG[0m [1mrequest[0m[1m{[0m[3mmethod[0m[2m=[0mGET [3muri[0m[2m=[0m/api/knowledge/stats [3mversion[0m[2m=[0mHTTP/1.1[1m}[0m[2m:[0m [2mtower_http::trace::on_request[0m[2m:[0m started processing request
[2m2025-07-18T00:30:13.582229Z[0m [34mDEBUG[0m [1mrequest[0m[1m{[0m[3mmethod[0m[2m=[0mGET [3muri[0m[2m=[0m/api/knowledge/stats [3mversion[0m[2m=[0mHTTP/1.1[1m}[0m[2m:[0m [2mtower_http::trace::on_response[0m[2m:[0m finished processing request [3mlatency[0m[2m=[0m0 ms [3mstatus[0m[2m=[0m200
[2m2025-07-18T00:30:26.874243Z[0m [34mDEBUG[0m [1mrequest[0m[1m{[0m[3mmethod[0m[2m=[0mGET [3muri[0m[2m=[0m/ [3mversion[0m[2m=[0mHTTP/1.1[1m}[0m[2m:[0m [2mtower_http::trace::on_request[0m[2m:[0m started processing request
[2m2025-07-18T00:30:26.874341Z[0m [34mDEBUG[0m [1mrequest[0m[1m{[0m[3mmethod[0m[2m=[0mGET [3muri[0m[2m=[0m/ [3mversion[0m[2m=[0mHTTP/1.1[1m}[0m[2m:[0m [2mtower_http::trace::on_response[0m[2m:[0m finished processing request [3mlatency[0m[2m=[0m0 ms [3mstatus[0m[2m=[0m200
[2m2025-07-18T00:30:27.185852Z[0m [34mDEBUG[0m [1mrequest[0m[1m{[0m[3mmethod[0m[2m=[0mGET [3muri[0m[2m=[0m/api/knowledge/stats [3mversion[0m[2m=[0mHTTP/1.1[1m}[0m[2m:[0m [2mtower_http::trace::on_request[0m[2m:[0m started processing request
[2m2025-07-18T00:30:27.185914Z[0m [34mDEBUG[0m [1mrequest[0m[1m{[0m[3mmethod[0m[2m=[0mGET [3muri[0m[2m=[0m/api/knowledge/stats [3mversion[0m[2m=[0mHTTP/1.1[1m}[0m[2m:[0m [2mtower_http::trace::on_response[0m[2m:[0m finished processing request [3mlatency[0m[2m=[0m0 ms [3mstatus[0m[2m=[0m200
[2m2025-07-18T00:30:27.204052Z[0m [34mDEBUG[0m [1mrequest[0m[1m{[0m[3mmethod[0m[2m=[0mGET [3muri[0m[2m=[0m/favicon.ico [3mversion[0m[2m=[0mHTTP/1.1[1m}[0m[2m:[0m [2mtower_http::trace::on_request[0m[2m:[0m started processing request
[2m2025-07-18T00:30:27.204135Z[0m [34mDEBUG[0m [1mrequest[0m[1m{[0m[3mmethod[0m[2m=[0mGET [3muri[0m[2m=[0m/favicon.ico [3mversion[0m[2m=[0mHTTP/1.1[1m}[0m[2m:[0m [2mtower_http::trace::on_response[0m[2m:[0m finished processing request [3mlatency[0m[2m=[0m0 ms [3mstatus[0m[2m=[0m404
[2m2025-07-18T00:30:36.763024Z[0m [34mDEBUG[0m [1mrequest[0m[1m{[0m[3mmethod[0m[2m=[0mGET [3muri[0m[2m=[0m/ [3mversion[0m[2m=[0mHTTP/1.1[1m}[0m[2m:[0m [2mtower_http::trace::on_request[0m[2m:[0m started processing request
[2m2025-07-18T00:30:36.763131Z[0m [34mDEBUG[0m [1mrequest[0m[1m{[0m[3mmethod[0m[2m=[0mGET [3muri[0m[2m=[0m/ [3mversion[0m[2m=[0mHTTP/1.1[1m}[0m[2m:[0m [2mtower_http::trace::on_response[0m[2m:[0m finished processing request [3mlatency[0m[2m=[0m0 ms [3mstatus[0m[2m=[0m200
[2m2025-07-18T00:30:37.080634Z[0m [34mDEBUG[0m [1mrequest[0m[1m{[0m[3mmethod[0m[2m=[0mGET [3muri[0m[2m=[0m/api/knowledge/stats [3mversion[0m[2m=[0mHTTP/1.1[1m}[0m[2m:[0m [2mtower_http::trace::on_request[0m[2m:[0m started processing request
[2m2025-07-18T00:30:37.080672Z[0m [34mDEBUG[0m [1mrequest[0m[1m{[0m[3mmethod[0m[2m=[0mGET [3muri[0m[2m=[0m/api/knowledge/stats [3mversion[0m[2m=[0mHTTP/1.1[1m}[0m[2m:[0m [2mtower_http::trace::on_response[0m[2m:[0m finished processing request [3mlatency[0m[2m=[0m0 ms [3mstatus[0m[2m=[0m200
[2m2025-07-18T00:30:37.099577Z[0m [34mDEBUG[0m [1mrequest[0m[1m{[0m[3mmethod[0m[2m=[0mGET [3muri[0m[2m=[0m/favicon.ico [3mversion[0m[2m=[0mHTTP/1.1[1m}[0m[2m:[0m [2mtower_http::trace::on_request[0m[2m:[0m started processing request
[2m2025-07-18T00:30:37.099619Z[0m [34mDEBUG[0m [1mrequest[0m[1m{[0m[3mmethod[0m[2m=[0mGET [3muri[0m[2m=[0m/favicon.ico [3mversion[0m[2m=[0mHTTP/1.1[1m}[0m[2m:[0m [2mtower_http::trace::on_response[0m[2m:[0m finished processing request [3mlatency[0m[2m=[0m0 ms [3mstatus[0m[2m=[0m404
[2m2025-07-18T00:31:07.094095Z[0m [34mDEBUG[0m [1mrequest[0m[1m{[0m[3mmethod[0m[2m=[0mGET [3muri[0m[2m=[0m/api/knowledge/stats [3mversion[0m[2m=[0mHTTP/1.1[1m}[0m[2m:[0m [2mtower_http::trace::on_request[0m[2m:[0m started processing request
[2m2025-07-18T00:31:07.094291Z[0m [34mDEBUG[0m [1mrequest[0m[1m{[0m[3mmethod[0m[2m=[0mGET [3muri[0m[2m=[0m/api/knowledge/stats [3mversion[0m[2m=[0mHTTP/1.1[1m}[0m[2m:[0m [2mtower_http::trace::on_response[0m[2m:[0m finished processing request [3mlatency[0m[2m=[0m0 ms [3mstatus[0m[2m=[0m200
[2m2025-07-18T00:31:37.093810Z[0m [34mDEBUG[0m [1mrequest[0m[1m{[0m[3mmethod[0m[2m=[0mGET [3muri[0m[2m=[0m/api/knowledge/stats [3mversion[0m[2m=[0mHTTP/1.1[1m}[0m[2m:[0m [2mtower_http::trace::on_request[0m[2m:[0m started processing request
[2m2025-07-18T00:31:37.093954Z[0m [34mDEBUG[0m [1mrequest[0m[1m{[0m[3mmethod[0m[2m=[0mGET [3muri[0m[2m=[0m/api/knowledge/stats [3mversion[0m[2m=[0mHTTP/1.1[1m}[0m[2m:[0m [2mtower_http::trace::on_response[0m[2m:[0m finished processing request [3mlatency[0m[2m=[0m0 ms [3mstatus[0m[2m=[0m200
[2m2025-07-18T00:32:07.088996Z[0m [34mDEBUG[0m [1mrequest[0m[1m{[0m[3mmethod[0m[2m=[0mGET [3muri[0m[2m=[0m/api/knowledge/stats [3mversion[0m[2m=[0mHTTP/1.1[1m}[0m[2m:[0m [2mtower_http::trace::on_request[0m[2m:[0m started processing request
[2m2025-07-18T00:32:07.089033Z[0m [34mDEBUG[0m [1mrequest[0m[1m{[0m[3mmethod[0m[2m=[0mGET [3muri[0m[2m=[0m/api/knowledge/stats [3mversion[0m[2m=[0mHTTP/1.1[1m}[0m[2m:[0m [2mtower_http::trace::on_response[0m[2m:[0m finished processing request [3mlatency[0m[2m=[0m0 ms [3mstatus[0m[2m=[0m200
[2m2025-07-18T00:32:37.092506Z[0m [34mDEBUG[0m [1mrequest[0m[1m{[0m[3mmethod[0m[2m=[0mGET [3muri[0m[2m=[0m/api/knowledge/stats [3mversion[0m[2m=[0mHTTP/1.1[1m}[0m[2m:[0m [2mtower_http::trace::on_request[0m[2m:[0m started processing request
[2m2025-07-18T00:32:37.092623Z[0m [34mDEBUG[0m [1mrequest[0m[1m{[0m[3mmethod[0m[2m=[0mGET [3muri[0m[2m=[0m/api/knowledge/stats [3mversion[0m[2m=[0mHTTP/1.1[1m}[0m[2m:[0m [2mtower_http::trace::on_response[0m[2m:[0m finished processing request [3mlatency[0m[2m=[0m0 ms [3mstatus[0m[2m=[0m200
[2m2025-07-18T00:33:07.089478Z[0m [34mDEBUG[0m [1mrequest[0m[1m{[0m[3mmethod[0m[2m=[0mGET [3muri[0m[2m=[0m/api/knowledge/stats [3mversion[0m[2m=[0mHTTP/1.1[1m}[0m[2m:[0m [2mtower_http::trace::on_request[0m[2m:[0m started processing request
[2m2025-07-18T00:33:07.089512Z[0m [34mDEBUG[0m [1mrequest[0m[1m{[0m[3mmethod[0m[2m=[0mGET [3muri[0m[2m=[0m/api/knowledge/stats [3mversion[0m[2m=[0mHTTP/1.1[1m}[0m[2m:[0m [2mtower_http::trace::on_response[0m[2m:[0m finished processing request [3mlatency[0m[2m=[0m0 ms [3mstatus[0m[2m=[0m200
