[2m2025-07-20T12:34:40.913433Z[0m [32m INFO[0m [2mthink_ai_full[0m[2m:[0m Initializing Think AI Persistent Server...
[2m2025-07-20T12:34:41.078777Z[0m [32m INFO[0m [2mthink_ai_full::audio_service[0m[2m:[0m Loaded 60 cached audio files
[2m2025-07-20T12:34:41.078800Z[0m [32m INFO[0m [2mthink_ai_full::audio_service[0m[2m:[0m Audio service initialized with cache at "/home/champi/Dev/think_ai/full-system/audio_cache"
[2m2025-07-20T12:34:41.078804Z[0m [32m INFO[0m [2mthink_ai_full[0m[2m:[0m ✅ Audio service enabled
[2m2025-07-20T12:34:41.078807Z[0m [32m INFO[0m [2mthink_ai_full[0m[2m:[0m ⚠️ WhatsApp notifications disabled
[2m2025-07-20T12:34:41.078904Z[0m [32m INFO[0m [2mthink_ai_full[0m[2m:[0m Think AI Persistent Server listening on 0.0.0.0:7777
[2m2025-07-20T13:44:38.806306Z[0m [32m INFO[0m [2mthink_ai_full::audio_service[0m[2m:[0m Cached audio file: ce4f69ebf380dee81cafb1af0ab34fef6b447cf9473eb5438e28fd81f1ce91b5.mp3
[2m2025-07-20T14:16:32.217949Z[0m [32m INFO[0m [2mthink_ai_full::audio_service[0m[2m:[0m Cached audio file: 58f90bf1d84b89438d4734acffd97a0fa259641316ba7f8c94b3ffbf90ac50c3.mp3
[2m2025-07-20T14:26:59.433623Z[0m [32m INFO[0m [2mthink_ai_full::audio_service[0m[2m:[0m Cached audio file: 7de4c12c9974646e73b3be7f5c0e5750addc105b7d261d9cc74dbe1373dc371f.mp3
[2m2025-07-20T14:27:31.264608Z[0m [32m INFO[0m [2mthink_ai_full::audio_service[0m[2m:[0m Cached audio file: 745c2d1049458170aedc13d7da5b5cbefa686da7ef517376666540bc920ec772.mp3
[2m2025-07-20T18:16:45.200385Z[0m [32m INFO[0m [2mthink_ai_full::audio_service[0m[2m:[0m Cached audio file: 6cb516c07d2ec733b9d4c8d1057963970471cf78ef25d166916bc84259e705c4.mp3
[2m2025-07-20T20:51:19.153880Z[0m [32m INFO[0m [2mthink_ai_full::audio_service[0m[2m:[0m Cached audio file: 0124e4046f3c6f4ae43381882e1a54ae456d25cc6f4bacde15858d67d86e0315.mp3
[2m2025-07-20T21:00:31.495310Z[0m [32m INFO[0m [2mthink_ai_full::audio_service[0m[2m:[0m Using cached audio for text hash: cd153d3c18e782c4f4b3ceec574adccc8e68bc557110b0bc263b01e09bfcc8ef
[2m2025-07-20T21:30:19.480827Z[0m [32m INFO[0m [2mthink_ai_full::audio_service[0m[2m:[0m Cached audio file: 53781b31bffea9f45fc473a89c4428e42785277886538a178266c6c5f3b50367.mp3
[2m2025-07-20T22:06:11.712799Z[0m [32m INFO[0m [2mthink_ai_full::audio_service[0m[2m:[0m Cached audio file: d98fba545ee525884d1017f9dd8e4a70eb49a42c99bdde430d65c4b19d7c4676.mp3
[2m2025-07-20T22:07:04.184276Z[0m [32m INFO[0m [2mthink_ai_full::audio_service[0m[2m:[0m Cached audio file: 50024a340a43a2d277e678e53fde8c424c12e96bf4b13b3a1a090e17e3234d14.mp3
[2m2025-07-20T22:08:30.619776Z[0m [32m INFO[0m [2mthink_ai_full::audio_service[0m[2m:[0m Cached audio file: 1605a5e105f1c8d4522c94229850c76c8c03734e3dbc83dd831ccfca30ba71d1.mp3
[2m2025-07-20T22:42:07.994753Z[0m [32m INFO[0m [2mthink_ai_full::audio_service[0m[2m:[0m Cached audio file: 99de7eafa861b9307163449fe7a615666b9d602fa0619b63e260fd783fbc8b7c.mp3
[2m2025-07-21T02:39:26.999769Z[0m [32m INFO[0m [2mthink_ai_full::audio_service[0m[2m:[0m Cached audio file: 6701d76bd9a1e2e0f3b95e7d30b100e367bd353739f2446996bd4f6418319198.mp3
[2m2025-07-21T02:40:21.948278Z[0m [32m INFO[0m [2mthink_ai_full::audio_service[0m[2m:[0m Cached audio file: ea98937cae5a25524b66ef097f3e8727ef983f9e6a0728fe703ef82b08e5ba22.mp3
[2m2025-07-21T06:33:58.801131Z[0m [32m INFO[0m [2mthink_ai_full::audio_service[0m[2m:[0m Cached audio file: c337a8dbf165efae71d2d3723f11b7cef70fba7b7ee10125c874e632505228a7.mp3
[2m2025-07-21T06:35:34.699029Z[0m [32m INFO[0m [2mthink_ai_full::audio_service[0m[2m:[0m Cached audio file: 1b029bddba4d5eaa790cc9b81124cc5db852d82aace1f381db9ea1d5838d6422.mp3
[2m2025-07-21T13:40:22.800878Z[0m [31mERROR[0m [2mthink_ai_full::audio_service[0m[2m:[0m Deepgram API error: {"err_code":"PAYLOAD_ERROR","err_msg":"Failed to deserialize JSON payload. Please specify a `url` field in the JSON body.","request_id":"9ffb9535-9f46-41f2-9937-d83fd4c28b09"}
[2m2025-07-21T13:40:22.800908Z[0m [31mERROR[0m [2mtower_http::trace::on_failure[0m[2m:[0m response failed [3mclassification[0m[2m=[0mStatus code: 500 Internal Server Error [3mlatency[0m[2m=[0m1032 ms
[2m2025-07-21T13:40:22.806062Z[0m [31mERROR[0m [2mthink_ai_full::audio_service[0m[2m:[0m Deepgram API error: {"err_code":"PAYLOAD_ERROR","err_msg":"Failed to deserialize JSON payload. Please specify a `url` field in the JSON body.","request_id":"ee4bc2dc-8274-40f3-a2a3-44be8d4ec53e"}
[2m2025-07-21T13:40:22.806075Z[0m [31mERROR[0m [2mtower_http::trace::on_failure[0m[2m:[0m response failed [3mclassification[0m[2m=[0mStatus code: 500 Internal Server Error [3mlatency[0m[2m=[0m1037 ms
[2m2025-07-21T13:42:49.810007Z[0m [31mERROR[0m [2mthink_ai_full::audio_service[0m[2m:[0m Deepgram API error: {"err_code":"Bad Request","err_msg":"Bad Request: failed to process audio: corrupt or unsupported data","request_id":"421e48cf-03e3-48d8-9066-09fc24295690"}
[2m2025-07-21T13:42:49.810045Z[0m [31mERROR[0m [2mtower_http::trace::on_failure[0m[2m:[0m response failed [3mclassification[0m[2m=[0mStatus code: 500 Internal Server Error [3mlatency[0m[2m=[0m1308 ms
[2m2025-07-21T13:56:58.709828Z[0m [32m INFO[0m [2mthink_ai_full::audio_service[0m[2m:[0m Cached audio file: 071bfb1153db6f21928fe61dfc612ebb63dafcf6614c3576743a3a07a89ee3be.mp3
