   Compiling think-ai-consciousness v0.1.0 (/home/champi/Dev/think_ai/think-ai-consciousness)
   Compiling think-ai-cache v0.1.0 (/home/champi/Dev/think_ai/think-ai-cache)
   Compiling think-ai-vector v0.1.0 (/home/champi/Dev/think_ai/think-ai-vector)
   Compiling think-ai-image-gen v0.1.0 (/home/champi/Dev/think_ai/think-ai-image-gen)
   Compiling think-ai-storage v0.1.0 (/home/champi/Dev/think_ai/think-ai-storage)
error: this file contains an unclosed delimiter
  --> think-ai-consciousness/src/lib.rs:58:21
   |
26 | pub struct ConsciousnessFramework {
   |                                   - unclosed delimiter
...
29 | impl Default for ConsciousnessFramework {
   |                                         - unclosed delimiter
...
33 | impl ConsciousnessFramework {
   |                             - unclosed delimiter
34 |     pub fn new() -> Self {
   |                          - unclosed delimiter
...
40 |     pub fn process_input(&self, input: &str) -> Result<Thought> {
   |                                                                 - unclosed delimiter
...
58 |         Ok(thought)
   |                    ^

error: could not compile `think-ai-consciousness` (lib) due to 1 previous error
warning: build failed, waiting for other jobs to finish...
error: this file contains an unclosed delimiter
  --> think-ai-vector/src/index/mod.rs:34:24
   |
18 | impl O1VectorIndex {
   |                    - unclosed delimiter
...
34 | include!("search.rs");
   |                       ^

error: this file contains an unclosed delimiter
   --> think-ai-cache/src/lib.rs:107:38
    |
19  | pub trait O1Cache: Send + Sync {
    |                                - unclosed delimiter
...
29  | pub struct MemoryCache {
    |                        - unclosed delimiter
...
32  | impl MemoryCache {
    |                  - unclosed delimiter
...
41  |     pub fn stats(&self) -> CacheStats {
    |                                       - unclosed delimiter
42  |         CacheStats {
    |                    - unclosed delimiter
...
45  | impl O1Cache for MemoryCache {
    |                              - another 15 unclosed delimiters begin from here
...
107 |         assert_eq!(retrieved, data);
    |                                     ^

error: this file contains an unclosed delimiter
   --> think-ai-image-gen/src/lib.rs:251:3
    |
36  | impl ImageGenConfig {
    |                     - unclosed delimiter
...
59  | pub struct ImageGenerator {
    |                           - unclosed delimiter
...
67  | pub struct GenerationMetadata {
    |                               - unclosed delimiter
...
75  | pub struct ImageGenerationRequest {
    |                                   - unclosed delimiter
...
82  | pub struct GeneratedImage {
    |                           - unclosed delimiter
...
86  | impl ImageGenerator {
    |                     - another 15 unclosed delimiters begin from here
...
251 | }
    |  ^

error: could not compile `think-ai-cache` (lib) due to 1 previous error
error: could not compile `think-ai-vector` (lib) due to 1 previous error
error: could not compile `think-ai-image-gen` (lib) due to 1 previous error
error: this file contains an unclosed delimiter
  --> think-ai-storage/src/backends/memory.rs:34:41
   |
15 | impl Default for MemoryStorage {
   |                                - unclosed delimiter
...
19 | impl MemoryStorage {
   |                    - unclosed delimiter
20 |     pub fn new() -> Self {
   |                          - unclosed delimiter
...
25 | impl Storage for MemoryStorage {
   |                                - unclosed delimiter
26 |     async fn get(&self, key: &str) -> Result<Option<Vec<u8>>> {
   |                                                               - unclosed delimiter
27 |         Ok(self.data.get(key).map(|v| v.clone()))
28 |     async fn set(&self, key: &str, value: Vec<u8>) -> Result<()> {
   |                                                                  - another 3 unclosed delimiters begin from here
...
34 |         Ok(self.data.contains_key(key))
   |                                        ^

error: could not compile `think-ai-storage` (lib) due to 1 previous error
