   Compiling think-ai-consciousness v0.1.0 (/home/champi/Dev/think_ai/think-ai-consciousness)
   Compiling think-ai-cache v0.1.0 (/home/champi/Dev/think_ai/think-ai-cache)
   Compiling think-ai-vector v0.1.0 (/home/champi/Dev/think_ai/think-ai-vector)
   Compiling think-ai-image-gen v0.1.0 (/home/champi/Dev/think_ai/think-ai-image-gen)
   Compiling think-ai-storage v0.1.0 (/home/champi/Dev/think_ai/think-ai-storage)
error: expected identifier, found keyword `impl`
  --> think-ai-consciousness/src/lib.rs:29:1
   |
26 | pub struct ConsciousnessFramework {
   |            ---------------------- while parsing this struct
...
29 | impl Default for ConsciousnessFramework {
   | ^^^^ expected identifier, found keyword

error: expected identifier, found keyword `impl`
  --> think-ai-consciousness/src/consciousness_field.rs:17:1
   |
11 | pub struct ConsciousnessField {
   |            ------------------ while parsing this struct
...
17 | impl Default for ConsciousnessField {
   | ^^^^ expected identifier, found keyword

error: expected identifier, found keyword `fn`
  --> think-ai-consciousness/src/principles/mod.rs:41:1
   |
37 |     EthicalAssessment {
   |     ----------------- while parsing this struct
...
41 | fn contains_harmful_content(content: &str) -> bool {
   | ^^ expected identifier, found keyword

error: expected identifier, found keyword `impl`
  --> think-ai-consciousness/src/types/mod.rs:26:1
   |
22 | pub struct ConsciousnessState {
   |            ------------------ while parsing this struct
...
26 | impl Default for ConsciousnessState {
   | ^^^^ expected identifier, found keyword

error: mismatched closing delimiter: `}`
   --> think-ai-consciousness/src/sentience/mod.rs:191:44
    |
165 |         EmotionalResponse {
    |                           - closing delimiter possibly meant for this
...
191 |         let growth = self.evolution.process(
    |                                            ^ unclosed delimiter
...
229 |         } else if lowercase_input.contains("how") {
    |         ^ mismatched closing delimiter

error: expected `;`, found keyword `pub`
  --> think-ai-vector/src/index/hash_tables.rs:21:69
   |
21 |         self.tables[table_idx].get(&hash).map(|entry| entry.clone())
   |                                                                     ^ help: add `;` here
22 |     pub fn clear(&self) {
   |     --- unexpected token

error: expected `;`, found keyword `pub`
  --> think-ai-vector/src/index/storage.rs:19:10
   |
19 |         }
   |          ^ help: add `;` here
20 |     pub fn add(&self, vector: Array1<f32>, _metadata_: serde_json::Value) -> usize {
   |     --- unexpected token

error: could not compile `think-ai-consciousness` (lib) due to 5 previous errors
warning: build failed, waiting for other jobs to finish...
error: expected `;`, found keyword `pub`
  --> think-ai-vector/src/index/storage.rs:26:12
   |
26 |         idx
   |            ^ help: add `;` here
27 |     pub fn get(&self, idx: usize) -> Option<(Array1<f32>, serde_json::Value)> {
   |     --- unexpected token

error: expected `;`, found keyword `pub`
  --> think-ai-vector/src/index/storage.rs:30:66
   |
30 |         vectors.get(idx).cloned().zip(metadata.get(idx).cloned())
   |                                                                  ^ help: add `;` here
31 |     pub fn len(&self) -> usize {
   |     --- unexpected token

error: implementation is not supported in `trait`s or `impl`s
  --> think-ai-vector/src/index/storage.rs:14:1
   |
14 | impl VectorStorage {
   | ^^^^^^^^^^^^^^^^^^
   |
   = help: consider moving the implementation out to a nearby module scope

error: expected identifier, found keyword `impl`
  --> think-ai-vector/src/types/mod.rs:21:1
   |
16 | pub struct LSHConfig {
   |            --------- while parsing this struct
...
21 | impl Default for LSHConfig {
   | ^^^^ expected identifier, found keyword

error: expected identifier, found keyword `impl`
  --> think-ai-cache/src/lib.rs:32:1
   |
29 | pub struct MemoryCache {
   |            ----------- while parsing this struct
...
32 | impl MemoryCache {
   | ^^^^ expected identifier, found keyword

error: struct is not supported in `trait`s or `impl`s
  --> think-ai-cache/src/lib.rs:29:1
   |
29 | pub struct MemoryCache {
   | ^^^^^^^^^^^^^^^^^^^^^^
   |
   = help: consider moving the struct out to a nearby module scope

error: mismatched closing delimiter: `}`
   --> think-ai-image-gen/src/lib.rs:175:11
    |
86  | impl ImageGenerator {
    |                     - closing delimiter possibly meant for this
...
175 |         Ok(GeneratedImage {
    |           ^ unclosed delimiter
...
260 | }
    | ^ mismatched closing delimiter

error: could not compile `think-ai-image-gen` (lib) due to 1 previous error
error: non-impl item macro in impl item position: include
  --> think-ai-vector/src/index/mod.rs:33:1
   |
33 | include!("operations.rs");
   | ^^^^^^^^^^^^^^^^^^^^^^^^^

error: non-impl item macro in impl item position: include
  --> think-ai-vector/src/index/mod.rs:34:1
   |
34 | include!("search.rs");
   | ^^^^^^^^^^^^^^^^^^^^^

error: expected one of: `fn`, `const`, `type`
  --> think-ai-cache/src/lib.rs:29:5
   |
29 | pub struct MemoryCache {
   |     ^^^^^^

error: expected identifier, found keyword `impl`
  --> think-ai-vector/src/types/mod.rs:21:1
   |
21 | impl Default for LSHConfig {
   | ^^^^

error: `self` parameter is only allowed in associated functions
  --> think-ai-vector/src/index/hash_tables.rs:20:16
   |
20 |     pub fn get(&self, table_idx: usize, hash: u64) -> Option<Vec<usize>> {
   |                ^^^^^ not semantically valid as function parameter
   |
   = note: associated functions are those in `impl` or `trait` definitions

error: `self` parameter is only allowed in associated functions
  --> think-ai-vector/src/index/hash_tables.rs:22:18
   |
22 |     pub fn clear(&self) {
   |                  ^^^^^ not semantically valid as function parameter
   |
   = note: associated functions are those in `impl` or `trait` definitions

warning: unused import: `ahash::RandomState`
 --> think-ai-cache/src/lib.rs:3:5
  |
3 | use ahash::RandomState;
  |     ^^^^^^^^^^^^^^^^^^
  |
  = note: `#[warn(unused_imports)]` on by default

warning: unused import: `dashmap::DashMap`
 --> think-ai-cache/src/lib.rs:5:5
  |
5 | use dashmap::DashMap;
  |     ^^^^^^^^^^^^^^^^

warning: unused imports: `Deserialize` and `Serialize`
 --> think-ai-cache/src/lib.rs:6:13
  |
6 | use serde::{Deserialize, Serialize};
  |             ^^^^^^^^^^^  ^^^^^^^^^

warning: unused import: `std::sync::Arc`
 --> think-ai-cache/src/lib.rs:7:5
  |
7 | use std::sync::Arc;
  |     ^^^^^^^^^^^^^^

error: expected `;`, found `#`
  --> think-ai-storage/src/backends/memory.rs:23:10
   |
23 |         }
   |          ^ help: add `;` here
24 | #[async_trait]
   | - unexpected token

error: expected `;`, found keyword `async`
  --> think-ai-storage/src/backends/memory.rs:27:50
   |
27 |         Ok(self.data.get(key).map(|v| v.clone()))
   |                                                  ^ help: add `;` here
28 |     async fn set(&self, key: &str, value: Vec<u8>) -> Result<()> {
   |     ----- unexpected token

error: expected `;`, found keyword `async`
  --> think-ai-storage/src/backends/memory.rs:30:15
   |
30 |         Ok(())
   |               ^ help: add `;` here
31 |     async fn delete(&self, key: &str) -> Result<()> {
   |     ----- unexpected token

error: implementation is not supported in `trait`s or `impl`s
  --> think-ai-storage/src/backends/memory.rs:19:1
   |
19 | impl MemoryStorage {
   | ^^^^^^^^^^^^^^^^^^
   |
   = help: consider moving the implementation out to a nearby module scope

error: expected `;`, found keyword `async`
  --> think-ai-storage/src/backends/sled.rs:26:68
   |
26 |             .map_err(|e| StorageError::StorageError(e.to_string()))
   |                                                                    ^ help: add `;` here
27 |     async fn set(&self, key: &str, value: Vec<u8>) -> Result<()> {
   |     ----- unexpected token

error: expected expression, found `.`
  --> think-ai-storage/src/backends/sled.rs:28:13
   |
28 |             .insert(key, value)
   |             ^ expected expression

error: implementation is not supported in `trait`s or `impl`s
  --> think-ai-storage/src/backends/sled.rs:21:1
   |
21 | impl Storage for SledStorage {
   | ^^^^^^^^^^^^^^^^^^^^^^^^^^^^
   |
   = help: consider moving the implementation out to a nearby module scope

error: expected identifier, found keyword `impl`
  --> think-ai-storage/src/traits/mod.rs:27:1
   |
24 | pub struct TypedStorage<T> {
   |            ------------ while parsing this struct
...
27 | impl<T: Serialize + for<'de> Deserialize<'de>> TypedStorage<T> {
   | ^^^^ expected identifier, found keyword

warning: unused imports: `Result` and `traits::Storage`
 --> think-ai-storage/src/backends/memory.rs:3:13
  |
3 | use crate::{traits::Storage, Result};
  |             ^^^^^^^^^^^^^^^  ^^^^^^
  |
  = note: `#[warn(unused_imports)]` on by default

warning: unused import: `async_trait::async_trait`
 --> think-ai-storage/src/backends/memory.rs:4:5
  |
4 | use async_trait::async_trait;
  |     ^^^^^^^^^^^^^^^^^^^^^^^^

warning: unused import: `traits::Storage`
 --> think-ai-storage/src/backends/sled.rs:3:13
  |
3 | use crate::{traits::Storage, Result, StorageError};
  |             ^^^^^^^^^^^^^^^

warning: unused import: `async_trait::async_trait`
 --> think-ai-storage/src/backends/sled.rs:4:5
  |
4 | use async_trait::async_trait;
  |     ^^^^^^^^^^^^^^^^^^^^^^^^

warning: unused imports: `Deserialize` and `Serialize`
 --> think-ai-storage/src/traits/mod.rs:5:13
  |
5 | use serde::{Deserialize, Serialize};
  |             ^^^^^^^^^^^  ^^^^^^^^^

warning: `think-ai-cache` (lib) generated 4 warnings
error: could not compile `think-ai-cache` (lib) due to 3 previous errors; 4 warnings emitted
error[E0432]: unresolved import `crate::types::SearchResult`
 --> think-ai-vector/src/index/distance.rs:3:70
  |
3 | use crate::{index::storage::VectorStorage, math::euclidean_distance, types::SearchResult};
  |                                                                      ^^^^^^^^^^^^^^^^^^^ no `SearchResult` in `types`

error[E0432]: unresolved import `types::SearchResult`
  --> think-ai-vector/src/lib.rs:12:36
   |
12 | pub use types::{LSHConfig, Result, SearchResult, VectorError};
   |                                    ^^^^^^^^^^^^ no `SearchResult` in `types`

error[E0401]: can't use `Self` from outer item
  --> think-ai-vector/src/index/hash_tables.rs:20:17
   |
8  | impl HashTables {
   | ---- `Self` type implicitly declared here, by this `impl`
...
20 |     pub fn get(&self, table_idx: usize, hash: u64) -> Option<Vec<usize>> {
   |                 ^^^^
   |                 |
   |                 use of `Self` from outer item
   |                 refer to the type directly here instead

error[E0401]: can't use `Self` from outer item
  --> think-ai-vector/src/index/hash_tables.rs:22:19
   |
8  | impl HashTables {
   | ---- `Self` type implicitly declared here, by this `impl`
...
22 |     pub fn clear(&self) {
   |                   ^^^^
   |                   |
   |                   use of `Self` from outer item
   |                   refer to the type directly here instead

error[E0599]: no function or associated item named `new` found for struct `MemoryStorage` in the current scope
  --> think-ai-storage/src/backends/memory.rs:17:15
   |
12 | pub struct MemoryStorage {
   | ------------------------ function or associated item `new` not found for this struct
...
17 |         Self::new()
   |               ^^^ function or associated item not found in `MemoryStorage`
   |
   = help: items from traits can only be used if the trait is implemented and in scope
   = note: the following traits define an item `new`, perhaps you need to implement one of them:
           candidate #1: `parking_lot_core::thread_parker::ThreadParkerT`
           candidate #2: `parking_lot_core::thread_parker::ThreadParkerT`

For more information about this error, try `rustc --explain E0599`.
warning: `think-ai-storage` (lib) generated 5 warnings
error: could not compile `think-ai-storage` (lib) due to 9 previous errors; 5 warnings emitted
error[E0599]: no method named `get` found for reference `&VectorStorage` in the current scope
  --> think-ai-vector/src/index/distance.rs:14:21
   |
14 |             storage.get(idx).map(|(vec, metadata)| {
   |                     ^^^ method not found in `&VectorStorage`
   |
   = help: items from traits can only be used if the trait is implemented and in scope
   = note: the following traits define an item `get`, perhaps you need to implement one of them:
           candidate #1: `IndexLonger`
           candidate #2: `SliceIndex`
           candidate #3: `nalgebra::indexing::MatrixIndex`

error[E0308]: mismatched types
  --> think-ai-vector/src/index/hash_tables.rs:20:55
   |
20 |     pub fn get(&self, table_idx: usize, hash: u64) -> Option<Vec<usize>> {
   |            ---                                        ^^^^^^^^^^^^^^^^^^ expected `Option<Vec<usize>>`, found `()`
   |            |
   |            implicitly returns `()` as its body has no tail or `return` expression
   |
   = note:   expected enum `std::option::Option<Vec<usize>>`
           found unit type `()`

error[E0599]: no function or associated item named `new` found for struct `VectorStorage` in the current scope
  --> think-ai-vector/src/index/storage.rs:12:15
   |
6  | pub struct VectorStorage {
   | ------------------------ function or associated item `new` not found for this struct
...
12 |         Self::new()
   |               ^^^ function or associated item not found in `VectorStorage`
   |
   = help: items from traits can only be used if the trait is implemented and in scope
   = note: the following traits define an item `new`, perhaps you need to implement one of them:
           candidate #1: `DataOwned`
           candidate #2: `HashMapExt`
           candidate #3: `HashSetExt`
           candidate #4: `UniformSampler`
           candidate #5: `parking_lot_core::thread_parker::ThreadParkerT`
           candidate #6: `typenum::Bit`

error[E0599]: no function or associated item named `new` found for struct `VectorStorage` in the current scope
  --> think-ai-vector/src/index/mod.rs:29:46
   |
29 |             storage: storage::VectorStorage::new(),
   |                                              ^^^ function or associated item not found in `VectorStorage`
   |
  ::: think-ai-vector/src/index/storage.rs:6:1
   |
6  | pub struct VectorStorage {
   | ------------------------ function or associated item `new` not found for this struct
   |
   = help: items from traits can only be used if the trait is implemented and in scope
   = note: the following traits define an item `new`, perhaps you need to implement one of them:
           candidate #1: `DataOwned`
           candidate #2: `HashMapExt`
           candidate #3: `HashSetExt`
           candidate #4: `UniformSampler`
           candidate #5: `parking_lot_core::thread_parker::ThreadParkerT`
           candidate #6: `typenum::Bit`

Some errors have detailed explanations: E0308, E0401, E0432, E0599.
For more information about an error, try `rustc --explain E0308`.
error: could not compile `think-ai-vector` (lib) due to 19 previous errors
