   Compiling zerovec v0.11.2
   Compiling zerotrie v0.2.2
   Compiling think-ai-utils v0.1.0 (/home/champi/Dev/think_ai/think-ai-utils)
   Compiling exr v1.73.0
   Compiling tower-http v0.5.2
   Compiling tower-http v0.6.6
error: this file contains an unclosed delimiter
  --> think-ai-utils/src/lib.rs:55:3
   |
27 | pub struct PerfMetrics {
   |                        - unclosed delimiter
...
31 | impl PerfMetrics {
   |                  - unclosed delimiter
...
39 |     pub fn log(&self) {
   |                       - unclosed delimiter
...
55 | }
   |  ^

error: could not compile `think-ai-utils` (lib) due to 1 previous error
warning: build failed, waiting for other jobs to finish...
