   Compiling yoke v0.8.0
   Compiling think-ai-utils v0.1.0 (/home/champi/Dev/think_ai/think-ai-utils)
   Compiling icu_normalizer_data v2.0.0
   Compiling mime_guess v2.0.5
   Compiling half v2.6.0
error: this file contains an unclosed delimiter
  --> think-ai-utils/src/lib.rs:54:9
   |
27 | pub struct PerfMetrics {
   |                        - unclosed delimiter
...
31 | impl PerfMetrics {
   |                  - unclosed delimiter
...
39 |     pub fn log(&self) {
   |                       - unclosed delimiter
...
48 | macro_rules! time_operation {
   |                             - unclosed delimiter
...
54 |     }};
   |        ^

error: could not compile `think-ai-utils` (lib) due to 1 previous error
warning: build failed, waiting for other jobs to finish...
