   Compiling tinystr v0.8.1
   Compiling potential_utf v0.1.2
   Compiling think-ai-utils v0.1.0 (/home/champi/Dev/think_ai/think-ai-utils)
   Compiling image v0.24.9
   Compiling askama_derive v0.12.5
   Compiling think-ai-demos v0.1.0 (/home/champi/Dev/think_ai/think-ai-demos)
error: this file contains an unclosed delimiter
  --> think-ai-utils/src/lib.rs:56:3
   |
27 | pub struct PerfMetrics {
   |                        - unclosed delimiter
...
31 | impl PerfMetrics {
   |                  - unclosed delimiter
...
39 |     pub fn log(&self) {
   |                       - this delimiter might not be properly closed...
...
56 | }
   | -^
   | |
   | ...as it matches this but it has different indentation

error: could not compile `think-ai-utils` (lib) due to 1 previous error
warning: build failed, waiting for other jobs to finish...
