🚀 Starting Think AI on GPU Server...
✅ All endpoints enabled:
  - /health
  - /api/chat
  - /api/parallel-chat (Quantum Consciousness)
  - /api/knowledge/stats
  - /api/benchmark
Server started with PID: 71289

🚀 Think AI Full O(1) System Starting...
🔍 Environment variables:
  OTEL_EXPORTER_OTLP_METRICS_TEMPORALITY_PREFERENCE: delta
🌐 Starting ngrok tunnel...
🌐 Server starting on http://0.0.0.0:8080
✅ Server accessible at: https://c0f90449ca08.ngrok.app

📋 Available endpoints:
  https://c0f90449ca08.ngrok.app/health - Health check
  https://c0f90449ca08.ngrok.app/api/chat - Chat API
  https://c0f90449ca08.ngrok.app/api/parallel-chat - Quantum consciousness chat
  https://c0f90449ca08.ngrok.app/api/knowledge/stats - Knowledge statistics
  https://c0f90449ca08.ngrok.app/api/benchmark - Performance benchmark

Server is running. Press Ctrl+C to stop.
./start-gpu-server.sh: line 55: 71289 Killed                  ./full-working-o1
