🧠 Think AI Memory & Conversational Awareness E2E Test
====================================================
🌐 Target: https://thinkai.lat
📅 Time: Mon Jul 14 22:59:23 UTC 2025

1️⃣ Session Management Test
=========================
Sending first message with session ID...
Testing Session ID returned... [0;32m✅ PASSED[0m
  Evidence: session_id

Using session ID: b2b652e2-fccc-4af4-bd37-c25974c56925

2️⃣ Conversational Context Test
==============================
Sending follow-up message...
Testing Remembers name from context... [0;31m❌ FAILED[0m
  Expected to find: TestUser123
  Got: {"response":"I don't have specific information about 'Previous conversation:\nuser: What is my name?\n\nCurrent query: What is my name?' in my knowledge base. However, I can help you explore this topic through logical reasoning. Could you provide more context or rephrase your question? For example, are you asking about a scientific concept, technical implementation, or philosophical idea?","session_id":"0a225ca0-5ab3-4c09-a851-1b53d1c33882","language":{"code":"en","name":"English","direction":"ltr","country":"US"}}


3️⃣ Topic Continuity Test
=======================
Testing topic memory...
Testing Remembers topic (quantum physics)... [0;32m✅ PASSED[0m
  Evidence: quantum


4️⃣ Long-term Memory Test
=======================
Storing a specific fact...
Retrieving stored fact...
Testing Recalls specific code... [0;31m❌ FAILED[0m
  Expected to find: QUANTUM-2025-ETERNAL
  Got: {"response":"```javascript\n// Store the previous user input in a variable\nlet previousUserInput = \"What was the code I asked you to remember?\";\n\n// Print the stored value\nconsole.log(previousUserInput);\n```","session_id":"c90bfac3-5ebf-4cb7-b286-66687b70df8a","language":{"code":"en","name":"English","direction":"ltr","country":"US"}}


5️⃣ Multi-turn Conversation Test
===============================
Query 1: I'm working on a project about artificial consciousness
Query 2: The project uses Rust programming language
Query 3: It implements O(1) performance algorithms
Query 4: What language is my project using?
Testing Multi-turn query 4... [0;31m❌ FAILED[0m
  Expected to find: Rust
  Got: {"response":"I don't have specific information about 'Previous conversation:\nuser: What language is my project using?\n\nCurrent query: What language is my project using?' in my knowledge base. However, I can help you explore this topic through logical reasoning. Could you provide more context or rephrase your question? For example, are you asking about a scientific concept, technical implementation, or philosophical idea?","session_id":"dd029cc5-dae3-41f3-ac10-68d3e6c4f14b","language":{"code":"en","name":"English","direction":"ltr","country":"US"}}

Query 5: What performance characteristic did I mention?
Testing Multi-turn query 5... [0;31m❌ FAILED[0m
  Expected to find: O(1)
  Got: {"response":"I don't have specific information about 'Previous conversation:\nuser: What performance characteristic did I mention?\n\nCurrent query: What performance characteristic did I mention?' in my knowledge base. However, I can help you explore this topic through logical reasoning. Could you provide more context or rephrase your question? For example, are you asking about a scientific concept, technical implementation, or philosophical idea?","session_id":"c0111ac5-532a-4201-84d0-3495761118a0","language":{"code":"en","name":"English","direction":"ltr","country":"US"}}

Query 6: What is the main topic of my project?
Testing Multi-turn query 6... [0;31m❌ FAILED[0m
  Expected to find: consciousness
  Got: {"response":"I don't have specific information about 'Previous conversation:\nuser: What is the main topic of my project?\n\nCurrent query: What is the main topic of my project?' in my knowledge base. However, I can help you explore this topic through logical reasoning. Could you provide more context or rephrase your question? For example, are you asking about a scientific concept, technical implementation, or philosophical idea?","session_id":"82c569eb-9207-4bca-bc1e-3cbc341e6d05","language":{"code":"en","name":"English","direction":"ltr","country":"US"}}


6️⃣ Session Persistence Test
==========================
Waiting 5 seconds to test persistence...
Testing Session persists - remembers name... [0;31m❌ FAILED[0m
  Expected to find: TestUser123
  Got: {"response":"```python\n// This is a simple program that asks for the user's name and then greets them by their name.\n\nimport java.util.Scanner;\n\npublic class GreetUser {\n  public static void main(String[] args) {\n    // Create a new Scanner object to read input from the user.\n    Scanner scanner = new Scanner(System.in);\n\n    // Ask the user for their name.\n    System.out.print(\"What is your name? \");\n    String name = scanner.nextLine();\n\n    // Greet the user by their name.\n    System.out.println(\"Hello, \" + name + \"!\");\n  }\n}\n```","session_id":"a31f729c-6304-4ab4-813c-4f82e71de66a","language":{"code":"en","name":"English","direction":"ltr","country":"US"}}

Testing Session persists - remembers code... [0;31m❌ FAILED[0m
  Expected to find: QUANTUM-2025-ETERNAL
  Got: {"response":"```python\n// This is a simple program that asks for the user's name and then greets them by their name.\n\nimport java.util.Scanner;\n\npublic class GreetUser {\n  public static void main(String[] args) {\n    // Create a new Scanner object to read input from the user.\n    Scanner scanner = new Scanner(System.in);\n\n    // Ask the user for their name.\n    System.out.print(\"What is your name? \");\n    String name = scanner.nextLine();\n\n    // Greet the user by their name.\n    System.out.println(\"Hello, \" + name + \"!\");\n  }\n}\n```","session_id":"a31f729c-6304-4ab4-813c-4f82e71de66a","language":{"code":"en","name":"English","direction":"ltr","country":"US"}}


7️⃣ Session Isolation Test
========================
Testing with new session: test-isolation-1752534021
New session doesn't know previous data... [0;32m✅ PASSED[0m (Correct isolation)

8️⃣ Cache Performance Test
========================
Response time: 226ms
Cache performance (< 500ms)... [0;32m✅ PASSED[0m (226ms)

📊 Memory & Conversation E2E Summary
===================================
✅ Passed: [0;32m4[0m
❌ Failed: [0;31m7[0m
📈 Success Rate: 36%

📄 Detailed report saved to: memory-test-report-20250714-230022.json

🔍 Manual Verification Steps:
1. Open https://thinkai.lat in browser
2. Send message: 'My favorite color is blue'
3. Send follow-up: 'What is my favorite color?'
4. Refresh page and check if conversation persists
5. Expected: System remembers 'blue' as favorite color
