[Sat Jul 12 04:25:03 UTC 2025] Starting ngrok...
t=2025-07-12T04:25:03+0000 lvl=info msg="no configuration paths supplied"
t=2025-07-12T04:25:03+0000 lvl=info msg="using configuration at default config path" path=/home/administrator/.config/ngrok/ngrok.yml
t=2025-07-12T04:25:03+0000 lvl=info msg="open config file" path=/home/administrator/.config/ngrok/ngrok.yml err=nil
t=2025-07-12T04:25:03+0000 lvl=info msg="starting web service" obj=web addr=127.0.0.1:4040 allow_hosts=[]
t=2025-07-12T04:25:03+0000 lvl=info msg="client session established" obj=tunnels.session
t=2025-07-12T04:25:03+0000 lvl=info msg="tunnel session started" obj=tunnels.session
t=2025-07-12T04:25:03+0000 lvl=info msg="started tunnel" obj=tunnels name=command_line addr=http://localhost:8080 url=https://thinkai.lat
t=2025-07-12T04:25:08+0000 lvl=warn msg="failed to check for update" obj=updater err="Post \"https://update.equinox.io/check\": context deadline exceeded"
t=2025-07-12T04:25:15+0000 lvl=info msg="received stop request" obj=app stopReq="{err:<nil> restart:false}"
t=2025-07-12T04:25:15+0000 lvl=info msg="session closing" obj=tunnels.session err=nil
t=2025-07-12T04:25:15+0000 lvl=info msg="accept failed" obj=tunnels.session obj=csess id=4615a72a7586 err="reconnecting session closed"
[Sat Jul 12 04:25:15 UTC 2025] Ngrok exited, restarting in 5 seconds...
[Sat Jul 12 04:25:20 UTC 2025] Starting ngrok...
t=2025-07-12T04:25:20+0000 lvl=info msg="no configuration paths supplied"
t=2025-07-12T04:25:20+0000 lvl=info msg="using configuration at default config path" path=/home/administrator/.config/ngrok/ngrok.yml
t=2025-07-12T04:25:20+0000 lvl=info msg="open config file" path=/home/administrator/.config/ngrok/ngrok.yml err=nil
t=2025-07-12T04:25:20+0000 lvl=info msg="starting web service" obj=web addr=127.0.0.1:4040 allow_hosts=[]
t=2025-07-12T04:25:20+0000 lvl=info msg="client session established" obj=tunnels.session
t=2025-07-12T04:25:20+0000 lvl=info msg="tunnel session started" obj=tunnels.session
t=2025-07-12T04:25:20+0000 lvl=info msg="started tunnel" obj=tunnels name=command_line addr=http://localhost:8080 url=https://thinkai.lat
t=2025-07-12T04:25:22+0000 lvl=info msg="join connections" obj=join id=172b11e9b512 l=127.0.0.1:8080 r=200.118.146.98:6502
t=2025-07-12T04:25:23+0000 lvl=info msg="join connections" obj=join id=4257288e78fa l=127.0.0.1:8080 r=172.68.10.187:37312
/home/administrator/think_ai/ngrok-daemon.sh: line 9: 288820 Killed                  ngrok http 8080 --domain=thinkai.lat --log=stdout
[Sat Jul 12 04:25:30 UTC 2025] Ngrok exited, restarting in 5 seconds...
[Sat Jul 12 04:25:35 UTC 2025] Starting ngrok...
t=2025-07-12T04:25:35+0000 lvl=info msg="no configuration paths supplied"
t=2025-07-12T04:25:35+0000 lvl=info msg="using configuration at default config path" path=/home/administrator/.config/ngrok/ngrok.yml
t=2025-07-12T04:25:35+0000 lvl=info msg="open config file" path=/home/administrator/.config/ngrok/ngrok.yml err=nil
t=2025-07-12T04:25:36+0000 lvl=info msg="starting web service" obj=web addr=127.0.0.1:4040 allow_hosts=[]
t=2025-07-12T04:25:36+0000 lvl=info msg="client session established" obj=tunnels.session
t=2025-07-12T04:25:36+0000 lvl=info msg="tunnel session started" obj=tunnels.session
t=2025-07-12T04:25:36+0000 lvl=info msg="started tunnel" obj=tunnels name=command_line addr=http://localhost:8080 url=https://thinkai.lat
t=2025-07-12T04:25:38+0000 lvl=info msg="join connections" obj=join id=7587f18fdd50 l=127.0.0.1:8080 r=200.118.146.98:3016
/home/administrator/think_ai/ngrok-daemon.sh: line 9: 288881 Killed                  ngrok http 8080 --domain=thinkai.lat --log=stdout
[Sat Jul 12 04:25:41 UTC 2025] Ngrok exited, restarting in 5 seconds...
[Sat Jul 12 04:25:46 UTC 2025] Starting ngrok...
t=2025-07-12T04:25:46+0000 lvl=info msg="no configuration paths supplied"
t=2025-07-12T04:25:46+0000 lvl=info msg="using configuration at default config path" path=/home/administrator/.config/ngrok/ngrok.yml
t=2025-07-12T04:25:46+0000 lvl=info msg="open config file" path=/home/administrator/.config/ngrok/ngrok.yml err=nil
t=2025-07-12T04:25:46+0000 lvl=info msg="starting web service" obj=web addr=127.0.0.1:4040 allow_hosts=[]
t=2025-07-12T04:25:46+0000 lvl=info msg="client session established" obj=tunnels.session
t=2025-07-12T04:25:46+0000 lvl=info msg="tunnel session started" obj=tunnels.session
t=2025-07-12T04:25:46+0000 lvl=info msg="started tunnel" obj=tunnels name=command_line addr=http://localhost:8080 url=https://thinkai.lat
t=2025-07-12T04:25:56+0000 lvl=info msg="received stop request" obj=app stopReq="{err:<nil> restart:false}"
t=2025-07-12T04:25:56+0000 lvl=info msg="session closing" obj=tunnels.session err=nil
t=2025-07-12T04:25:56+0000 lvl=info msg="accept failed" obj=tunnels.session obj=csess id=6351e426055a err="reconnecting session closed"
[Sat Jul 12 04:25:56 UTC 2025] Ngrok exited, restarting in 5 seconds...
[Sat Jul 12 04:26:01 UTC 2025] Starting ngrok...
t=2025-07-12T04:26:01+0000 lvl=info msg="no configuration paths supplied"
t=2025-07-12T04:26:01+0000 lvl=info msg="using configuration at default config path" path=/home/administrator/.config/ngrok/ngrok.yml
t=2025-07-12T04:26:01+0000 lvl=info msg="open config file" path=/home/administrator/.config/ngrok/ngrok.yml err=nil
t=2025-07-12T04:26:01+0000 lvl=info msg="starting web service" obj=web addr=127.0.0.1:4040 allow_hosts=[]
t=2025-07-12T04:26:01+0000 lvl=info msg="client session established" obj=tunnels.session
t=2025-07-12T04:26:01+0000 lvl=info msg="tunnel session started" obj=tunnels.session
t=2025-07-12T04:26:01+0000 lvl=info msg="started tunnel" obj=tunnels name=command_line addr=http://localhost:8080 url=https://thinkai.lat
t=2025-07-12T04:26:13+0000 lvl=info msg="join connections" obj=join id=de197f717c1a l=127.0.0.1:8080 r=200.118.146.98:1448
t=2025-07-12T04:26:16+0000 lvl=info msg="received stop request" obj=app stopReq="{err:<nil> restart:false}"
t=2025-07-12T04:26:16+0000 lvl=info msg="session closing" obj=tunnels.session err=nil
t=2025-07-12T04:26:16+0000 lvl=info msg="accept failed" obj=tunnels.session obj=csess id=f51c99839f26 err="reconnecting session closed"
[Sat Jul 12 04:26:16 UTC 2025] Ngrok exited, restarting in 5 seconds...
[Sat Jul 12 04:26:21 UTC 2025] Starting ngrok...
t=2025-07-12T04:26:21+0000 lvl=info msg="no configuration paths supplied"
t=2025-07-12T04:26:21+0000 lvl=info msg="using configuration at default config path" path=/home/administrator/.config/ngrok/ngrok.yml
t=2025-07-12T04:26:21+0000 lvl=info msg="open config file" path=/home/administrator/.config/ngrok/ngrok.yml err=nil
t=2025-07-12T04:26:22+0000 lvl=info msg="starting web service" obj=web addr=127.0.0.1:4040 allow_hosts=[]
t=2025-07-12T04:26:22+0000 lvl=info msg="client session established" obj=tunnels.session
t=2025-07-12T04:26:22+0000 lvl=info msg="tunnel session started" obj=tunnels.session
t=2025-07-12T04:26:22+0000 lvl=info msg="started tunnel" obj=tunnels name=command_line addr=http://localhost:8080 url=https://thinkai.lat
t=2025-07-12T04:26:25+0000 lvl=info msg="join connections" obj=join id=5c8e38bfc812 l=127.0.0.1:8080 r=200.118.146.98:6502
/home/administrator/think_ai/ngrok-daemon.sh: line 9: 289025 Killed                  ngrok http 8080 --domain=thinkai.lat --log=stdout
[Sat Jul 12 04:26:32 UTC 2025] Ngrok exited, restarting in 5 seconds...
[Sat Jul 12 04:26:37 UTC 2025] Starting ngrok...
t=2025-07-12T04:26:37+0000 lvl=info msg="no configuration paths supplied"
t=2025-07-12T04:26:37+0000 lvl=info msg="using configuration at default config path" path=/home/administrator/.config/ngrok/ngrok.yml
t=2025-07-12T04:26:37+0000 lvl=info msg="open config file" path=/home/administrator/.config/ngrok/ngrok.yml err=nil
t=2025-07-12T04:26:37+0000 lvl=info msg="starting web service" obj=web addr=127.0.0.1:4040 allow_hosts=[]
t=2025-07-12T04:26:37+0000 lvl=info msg="client session established" obj=tunnels.session
t=2025-07-12T04:26:37+0000 lvl=info msg="tunnel session started" obj=tunnels.session
t=2025-07-12T04:26:37+0000 lvl=info msg="started tunnel" obj=tunnels name=command_line addr=http://localhost:8080 url=https://thinkai.lat
t=2025-07-12T04:26:55+0000 lvl=info msg="join connections" obj=join id=a2f31bd14f38 l=127.0.0.1:8080 r=200.118.146.98:3155
t=2025-07-12T04:26:57+0000 lvl=info msg="received stop request" obj=app stopReq="{err:<nil> restart:false}"
t=2025-07-12T04:26:57+0000 lvl=info msg="session closing" obj=tunnels.session err=nil
t=2025-07-12T04:26:57+0000 lvl=info msg="accept failed" obj=tunnels.session obj=csess id=756559a886a3 err="reconnecting session closed"
[Sat Jul 12 04:26:57 UTC 2025] Ngrok exited, restarting in 5 seconds...
[Sat Jul 12 04:27:02 UTC 2025] Starting ngrok...
t=2025-07-12T04:27:02+0000 lvl=info msg="no configuration paths supplied"
t=2025-07-12T04:27:02+0000 lvl=info msg="using configuration at default config path" path=/home/administrator/.config/ngrok/ngrok.yml
t=2025-07-12T04:27:02+0000 lvl=info msg="open config file" path=/home/administrator/.config/ngrok/ngrok.yml err=nil
t=2025-07-12T04:27:03+0000 lvl=info msg="starting web service" obj=web addr=127.0.0.1:4040 allow_hosts=[]
t=2025-07-12T04:27:03+0000 lvl=info msg="client session established" obj=tunnels.session
t=2025-07-12T04:27:03+0000 lvl=info msg="tunnel session started" obj=tunnels.session
t=2025-07-12T04:27:03+0000 lvl=info msg="started tunnel" obj=tunnels name=command_line addr=http://localhost:8080 url=https://thinkai.lat
t=2025-07-12T04:27:06+0000 lvl=info msg="join connections" obj=join id=44aa22988106 l=127.0.0.1:8080 r=172.71.184.108:9026
/home/administrator/think_ai/ngrok-daemon.sh: line 9: 289180 Killed                  ngrok http 8080 --domain=thinkai.lat --log=stdout
[Sat Jul 12 04:27:13 UTC 2025] Ngrok exited, restarting in 5 seconds...
[Sat Jul 12 04:27:18 UTC 2025] Starting ngrok...
t=2025-07-12T04:27:18+0000 lvl=info msg="no configuration paths supplied"
t=2025-07-12T04:27:18+0000 lvl=info msg="using configuration at default config path" path=/home/administrator/.config/ngrok/ngrok.yml
t=2025-07-12T04:27:18+0000 lvl=info msg="open config file" path=/home/administrator/.config/ngrok/ngrok.yml err=nil
t=2025-07-12T04:27:18+0000 lvl=info msg="starting web service" obj=web addr=127.0.0.1:4040 allow_hosts=[]
t=2025-07-12T04:27:18+0000 lvl=info msg="client session established" obj=tunnels.session
t=2025-07-12T04:27:18+0000 lvl=info msg="tunnel session started" obj=tunnels.session
t=2025-07-12T04:27:18+0000 lvl=info msg="started tunnel" obj=tunnels name=command_line addr=http://localhost:8080 url=https://thinkai.lat
t=2025-07-12T04:27:38+0000 lvl=info msg="received stop request" obj=app stopReq="{err:<nil> restart:false}"
t=2025-07-12T04:27:38+0000 lvl=info msg="session closing" obj=tunnels.session err=nil
[Sat Jul 12 04:27:38 UTC 2025] Ngrok exited, restarting in 5 seconds...
[Sat Jul 12 04:27:43 UTC 2025] Starting ngrok...
t=2025-07-12T04:27:43+0000 lvl=info msg="no configuration paths supplied"
t=2025-07-12T04:27:43+0000 lvl=info msg="using configuration at default config path" path=/home/administrator/.config/ngrok/ngrok.yml
t=2025-07-12T04:27:43+0000 lvl=info msg="open config file" path=/home/administrator/.config/ngrok/ngrok.yml err=nil
t=2025-07-12T04:27:44+0000 lvl=info msg="starting web service" obj=web addr=127.0.0.1:4040 allow_hosts=[]
t=2025-07-12T04:27:44+0000 lvl=info msg="client session established" obj=tunnels.session
t=2025-07-12T04:27:44+0000 lvl=info msg="tunnel session started" obj=tunnels.session
t=2025-07-12T04:27:44+0000 lvl=info msg="started tunnel" obj=tunnels name=command_line addr=http://localhost:8080 url=https://thinkai.lat
t=2025-07-12T04:27:51+0000 lvl=info msg="join connections" obj=join id=283d811081a0 l=127.0.0.1:8080 r=172.71.184.190:64268
/home/administrator/think_ai/ngrok-daemon.sh: line 9: 289301 Killed                  ngrok http 8080 --domain=thinkai.lat --log=stdout
[Sat Jul 12 04:27:54 UTC 2025] Ngrok exited, restarting in 5 seconds...
[Sat Jul 12 04:27:59 UTC 2025] Starting ngrok...
t=2025-07-12T04:27:59+0000 lvl=info msg="no configuration paths supplied"
t=2025-07-12T04:27:59+0000 lvl=info msg="using configuration at default config path" path=/home/administrator/.config/ngrok/ngrok.yml
t=2025-07-12T04:27:59+0000 lvl=info msg="open config file" path=/home/administrator/.config/ngrok/ngrok.yml err=nil
t=2025-07-12T04:27:59+0000 lvl=info msg="starting web service" obj=web addr=127.0.0.1:4040 allow_hosts=[]
t=2025-07-12T04:27:59+0000 lvl=info msg="client session established" obj=tunnels.session
t=2025-07-12T04:27:59+0000 lvl=info msg="tunnel session started" obj=tunnels.session
t=2025-07-12T04:27:59+0000 lvl=info msg="started tunnel" obj=tunnels name=command_line addr=http://localhost:8080 url=https://thinkai.lat
t=2025-07-12T04:28:19+0000 lvl=info msg="received stop request" obj=app stopReq="{err:<nil> restart:false}"
t=2025-07-12T04:28:19+0000 lvl=info msg="session closing" obj=tunnels.session err=nil
t=2025-07-12T04:28:19+0000 lvl=info msg="accept failed" obj=tunnels.session obj=csess id=332198648a8e err="reconnecting session closed"
[Sat Jul 12 04:28:19 UTC 2025] Ngrok exited, restarting in 5 seconds...
[Sat Jul 12 04:28:24 UTC 2025] Starting ngrok...
t=2025-07-12T04:28:24+0000 lvl=info msg="no configuration paths supplied"
t=2025-07-12T04:28:24+0000 lvl=info msg="using configuration at default config path" path=/home/administrator/.config/ngrok/ngrok.yml
t=2025-07-12T04:28:24+0000 lvl=info msg="open config file" path=/home/administrator/.config/ngrok/ngrok.yml err=nil
t=2025-07-12T04:28:24+0000 lvl=info msg="starting web service" obj=web addr=127.0.0.1:4040 allow_hosts=[]
t=2025-07-12T04:28:24+0000 lvl=info msg="client session established" obj=tunnels.session
t=2025-07-12T04:28:24+0000 lvl=info msg="tunnel session started" obj=tunnels.session
t=2025-07-12T04:28:24+0000 lvl=info msg="started tunnel" obj=tunnels name=command_line addr=http://localhost:8080 url=https://thinkai.lat
t=2025-07-12T04:28:27+0000 lvl=info msg="join connections" obj=join id=6fe748698b56 l=127.0.0.1:8080 r=200.118.146.98:7886
/home/administrator/think_ai/ngrok-daemon.sh: line 9: 289425 Killed                  ngrok http 8080 --domain=thinkai.lat --log=stdout
[Sat Jul 12 04:28:35 UTC 2025] Ngrok exited, restarting in 5 seconds...
[Sat Jul 12 04:28:40 UTC 2025] Starting ngrok...
t=2025-07-12T04:28:40+0000 lvl=info msg="no configuration paths supplied"
t=2025-07-12T04:28:40+0000 lvl=info msg="using configuration at default config path" path=/home/administrator/.config/ngrok/ngrok.yml
t=2025-07-12T04:28:40+0000 lvl=info msg="open config file" path=/home/administrator/.config/ngrok/ngrok.yml err=nil
t=2025-07-12T04:28:40+0000 lvl=info msg="starting web service" obj=web addr=127.0.0.1:4040 allow_hosts=[]
t=2025-07-12T04:28:40+0000 lvl=info msg="client session established" obj=tunnels.session
t=2025-07-12T04:28:40+0000 lvl=info msg="tunnel session started" obj=tunnels.session
t=2025-07-12T04:28:40+0000 lvl=info msg="started tunnel" obj=tunnels name=command_line addr=http://localhost:8080 url=https://thinkai.lat
t=2025-07-12T04:29:00+0000 lvl=info msg="received stop request" obj=app stopReq="{err:<nil> restart:false}"
t=2025-07-12T04:29:00+0000 lvl=info msg="session closing" obj=tunnels.session err=nil
t=2025-07-12T04:29:00+0000 lvl=info msg="accept failed" obj=tunnels.session obj=csess id=72c60e496d8e err="reconnecting session closed"
[Sat Jul 12 04:29:00 UTC 2025] Ngrok exited, restarting in 5 seconds...
[Sat Jul 12 04:29:05 UTC 2025] Starting ngrok...
t=2025-07-12T04:29:05+0000 lvl=info msg="no configuration paths supplied"
t=2025-07-12T04:29:05+0000 lvl=info msg="using configuration at default config path" path=/home/administrator/.config/ngrok/ngrok.yml
t=2025-07-12T04:29:05+0000 lvl=info msg="open config file" path=/home/administrator/.config/ngrok/ngrok.yml err=nil
t=2025-07-12T04:29:05+0000 lvl=info msg="starting web service" obj=web addr=127.0.0.1:4040 allow_hosts=[]
t=2025-07-12T04:29:05+0000 lvl=info msg="client session established" obj=tunnels.session
t=2025-07-12T04:29:05+0000 lvl=info msg="tunnel session started" obj=tunnels.session
t=2025-07-12T04:29:05+0000 lvl=info msg="started tunnel" obj=tunnels name=command_line addr=http://localhost:8080 url=https://thinkai.lat
t=2025-07-12T04:29:13+0000 lvl=info msg="join connections" obj=join id=3901a8e18732 l=127.0.0.1:8080 r=200.118.146.98:1430
/home/administrator/think_ai/ngrok-daemon.sh: line 9: 289643 Killed                  ngrok http 8080 --domain=thinkai.lat --log=stdout
[Sat Jul 12 04:29:16 UTC 2025] Ngrok exited, restarting in 5 seconds...
[Sat Jul 12 04:29:21 UTC 2025] Starting ngrok...
t=2025-07-12T04:29:21+0000 lvl=info msg="no configuration paths supplied"
t=2025-07-12T04:29:21+0000 lvl=info msg="using configuration at default config path" path=/home/administrator/.config/ngrok/ngrok.yml
t=2025-07-12T04:29:21+0000 lvl=info msg="open config file" path=/home/administrator/.config/ngrok/ngrok.yml err=nil
t=2025-07-12T04:29:21+0000 lvl=info msg="starting web service" obj=web addr=127.0.0.1:4040 allow_hosts=[]
t=2025-07-12T04:29:21+0000 lvl=info msg="client session established" obj=tunnels.session
t=2025-07-12T04:29:21+0000 lvl=info msg="tunnel session started" obj=tunnels.session
t=2025-07-12T04:29:21+0000 lvl=info msg="started tunnel" obj=tunnels name=command_line addr=http://localhost:8080 url=https://thinkai.lat
t=2025-07-12T04:29:41+0000 lvl=info msg="received stop request" obj=app stopReq="{err:<nil> restart:false}"
t=2025-07-12T04:29:41+0000 lvl=info msg="session closing" obj=tunnels.session err=nil
t=2025-07-12T04:29:41+0000 lvl=info msg="accept failed" obj=tunnels.session obj=csess id=f197b125e162 err="reconnecting session closed"
[Sat Jul 12 04:29:41 UTC 2025] Ngrok exited, restarting in 5 seconds...
[Sat Jul 12 04:29:46 UTC 2025] Starting ngrok...
t=2025-07-12T04:29:46+0000 lvl=info msg="no configuration paths supplied"
t=2025-07-12T04:29:46+0000 lvl=info msg="using configuration at default config path" path=/home/administrator/.config/ngrok/ngrok.yml
t=2025-07-12T04:29:46+0000 lvl=info msg="open config file" path=/home/administrator/.config/ngrok/ngrok.yml err=nil
t=2025-07-12T04:29:46+0000 lvl=info msg="starting web service" obj=web addr=127.0.0.1:4040 allow_hosts=[]
t=2025-07-12T04:29:46+0000 lvl=info msg="client session established" obj=tunnels.session
t=2025-07-12T04:29:46+0000 lvl=info msg="tunnel session started" obj=tunnels.session
t=2025-07-12T04:29:46+0000 lvl=info msg="started tunnel" obj=tunnels name=command_line addr=http://localhost:8080 url=https://thinkai.lat
t=2025-07-12T04:30:02+0000 lvl=info msg="received stop request" obj=app stopReq="{err:<nil> restart:false}"
t=2025-07-12T04:30:02+0000 lvl=info msg="session closing" obj=tunnels.session err=nil
[Sat Jul 12 04:30:02 UTC 2025] Ngrok exited, restarting in 5 seconds...
[Sat Jul 12 04:30:07 UTC 2025] Starting ngrok...
t=2025-07-12T04:30:07+0000 lvl=info msg="no configuration paths supplied"
t=2025-07-12T04:30:07+0000 lvl=info msg="using configuration at default config path" path=/home/administrator/.config/ngrok/ngrok.yml
t=2025-07-12T04:30:07+0000 lvl=info msg="open config file" path=/home/administrator/.config/ngrok/ngrok.yml err=nil
t=2025-07-12T04:30:07+0000 lvl=info msg="starting web service" obj=web addr=127.0.0.1:4040 allow_hosts=[]
t=2025-07-12T04:30:07+0000 lvl=info msg="client session established" obj=tunnels.session
t=2025-07-12T04:30:07+0000 lvl=info msg="tunnel session started" obj=tunnels.session
t=2025-07-12T04:30:07+0000 lvl=info msg="started tunnel" obj=tunnels name=command_line addr=http://localhost:8080 url=https://thinkai.lat
t=2025-07-12T04:30:22+0000 lvl=info msg="received stop request" obj=app stopReq="{err:<nil> restart:false}"
t=2025-07-12T04:30:22+0000 lvl=info msg="session closing" obj=tunnels.session err=nil
t=2025-07-12T04:30:22+0000 lvl=info msg="accept failed" obj=tunnels.session obj=csess id=b9c02fc6996b err="reconnecting session closed"
[Sat Jul 12 04:30:22 UTC 2025] Ngrok exited, restarting in 5 seconds...
[Sat Jul 12 04:30:27 UTC 2025] Starting ngrok...
t=2025-07-12T04:30:27+0000 lvl=info msg="no configuration paths supplied"
t=2025-07-12T04:30:27+0000 lvl=info msg="using configuration at default config path" path=/home/administrator/.config/ngrok/ngrok.yml
t=2025-07-12T04:30:27+0000 lvl=info msg="open config file" path=/home/administrator/.config/ngrok/ngrok.yml err=nil
t=2025-07-12T04:30:27+0000 lvl=info msg="starting web service" obj=web addr=127.0.0.1:4040 allow_hosts=[]
t=2025-07-12T04:30:27+0000 lvl=info msg="client session established" obj=tunnels.session
t=2025-07-12T04:30:27+0000 lvl=info msg="tunnel session started" obj=tunnels.session
t=2025-07-12T04:30:27+0000 lvl=info msg="started tunnel" obj=tunnels name=command_line addr=http://localhost:8080 url=https://thinkai.lat
t=2025-07-12T04:30:43+0000 lvl=info msg="received stop request" obj=app stopReq="{err:<nil> restart:false}"
t=2025-07-12T04:30:43+0000 lvl=info msg="session closing" obj=tunnels.session err=nil
t=2025-07-12T04:30:43+0000 lvl=info msg="accept failed" obj=tunnels.session obj=csess id=a936c0e5f94a err="reconnecting session closed"
[Sat Jul 12 04:30:43 UTC 2025] Ngrok exited, restarting in 5 seconds...
[Sat Jul 12 04:30:48 UTC 2025] Starting ngrok...
t=2025-07-12T04:30:48+0000 lvl=info msg="no configuration paths supplied"
t=2025-07-12T04:30:48+0000 lvl=info msg="using configuration at default config path" path=/home/administrator/.config/ngrok/ngrok.yml
t=2025-07-12T04:30:48+0000 lvl=info msg="open config file" path=/home/administrator/.config/ngrok/ngrok.yml err=nil
t=2025-07-12T04:30:48+0000 lvl=info msg="starting web service" obj=web addr=127.0.0.1:4040 allow_hosts=[]
t=2025-07-12T04:30:48+0000 lvl=info msg="client session established" obj=tunnels.session
t=2025-07-12T04:30:48+0000 lvl=info msg="tunnel session started" obj=tunnels.session
t=2025-07-12T04:30:48+0000 lvl=info msg="started tunnel" obj=tunnels name=command_line addr=http://localhost:8080 url=https://thinkai.lat
t=2025-07-12T04:31:03+0000 lvl=info msg="received stop request" obj=app stopReq="{err:<nil> restart:false}"
t=2025-07-12T04:31:03+0000 lvl=info msg="session closing" obj=tunnels.session err=nil
t=2025-07-12T04:31:03+0000 lvl=info msg="accept failed" obj=tunnels.session obj=csess id=b88507ac1962 err="reconnecting session closed"
[Sat Jul 12 04:31:03 UTC 2025] Ngrok exited, restarting in 5 seconds...
[Sat Jul 12 04:31:08 UTC 2025] Starting ngrok...
t=2025-07-12T04:31:08+0000 lvl=info msg="no configuration paths supplied"
t=2025-07-12T04:31:08+0000 lvl=info msg="using configuration at default config path" path=/home/administrator/.config/ngrok/ngrok.yml
t=2025-07-12T04:31:08+0000 lvl=info msg="open config file" path=/home/administrator/.config/ngrok/ngrok.yml err=nil
t=2025-07-12T04:31:08+0000 lvl=info msg="starting web service" obj=web addr=127.0.0.1:4040 allow_hosts=[]
t=2025-07-12T04:31:09+0000 lvl=info msg="client session established" obj=tunnels.session
t=2025-07-12T04:31:09+0000 lvl=info msg="tunnel session started" obj=tunnels.session
t=2025-07-12T04:31:09+0000 lvl=info msg="started tunnel" obj=tunnels name=command_line addr=http://localhost:8080 url=https://thinkai.lat
t=2025-07-12T04:31:24+0000 lvl=info msg="received stop request" obj=app stopReq="{err:<nil> restart:false}"
t=2025-07-12T04:31:24+0000 lvl=info msg="session closing" obj=tunnels.session err=nil
t=2025-07-12T04:31:24+0000 lvl=info msg="accept failed" obj=tunnels.session obj=csess id=e81725c3f9b8 err="reconnecting session closed"
[Sat Jul 12 04:31:24 UTC 2025] Ngrok exited, restarting in 5 seconds...
[Sat Jul 12 04:31:29 UTC 2025] Starting ngrok...
t=2025-07-12T04:31:29+0000 lvl=info msg="no configuration paths supplied"
t=2025-07-12T04:31:29+0000 lvl=info msg="using configuration at default config path" path=/home/administrator/.config/ngrok/ngrok.yml
t=2025-07-12T04:31:29+0000 lvl=info msg="open config file" path=/home/administrator/.config/ngrok/ngrok.yml err=nil
t=2025-07-12T04:31:29+0000 lvl=info msg="starting web service" obj=web addr=127.0.0.1:4040 allow_hosts=[]
t=2025-07-12T04:31:29+0000 lvl=info msg="client session established" obj=tunnels.session
t=2025-07-12T04:31:29+0000 lvl=info msg="tunnel session started" obj=tunnels.session
t=2025-07-12T04:31:29+0000 lvl=info msg="started tunnel" obj=tunnels name=command_line addr=http://localhost:8080 url=https://thinkai.lat
t=2025-07-12T04:31:44+0000 lvl=info msg="received stop request" obj=app stopReq="{err:<nil> restart:false}"
t=2025-07-12T04:31:44+0000 lvl=info msg="session closing" obj=tunnels.session err=nil
t=2025-07-12T04:31:44+0000 lvl=info msg="accept failed" obj=tunnels.session obj=csess id=774730888fc0 err="reconnecting session closed"
[Sat Jul 12 04:31:44 UTC 2025] Ngrok exited, restarting in 5 seconds...
[Sat Jul 12 04:31:49 UTC 2025] Starting ngrok...
t=2025-07-12T04:31:49+0000 lvl=info msg="no configuration paths supplied"
t=2025-07-12T04:31:49+0000 lvl=info msg="using configuration at default config path" path=/home/administrator/.config/ngrok/ngrok.yml
t=2025-07-12T04:31:49+0000 lvl=info msg="open config file" path=/home/administrator/.config/ngrok/ngrok.yml err=nil
t=2025-07-12T04:31:49+0000 lvl=info msg="starting web service" obj=web addr=127.0.0.1:4040 allow_hosts=[]
t=2025-07-12T04:31:49+0000 lvl=info msg="client session established" obj=tunnels.session
t=2025-07-12T04:31:49+0000 lvl=info msg="tunnel session started" obj=tunnels.session
t=2025-07-12T04:31:49+0000 lvl=info msg="started tunnel" obj=tunnels name=command_line addr=http://localhost:8080 url=https://thinkai.lat
t=2025-07-12T04:32:05+0000 lvl=info msg="received stop request" obj=app stopReq="{err:<nil> restart:false}"
t=2025-07-12T04:32:05+0000 lvl=info msg="session closing" obj=tunnels.session err=nil
t=2025-07-12T04:32:05+0000 lvl=info msg="accept failed" obj=tunnels.session obj=csess id=690101a1f0fa err="reconnecting session closed"
[Sat Jul 12 04:32:05 UTC 2025] Ngrok exited, restarting in 5 seconds...
[Sat Jul 12 04:32:10 UTC 2025] Starting ngrok...
t=2025-07-12T04:32:10+0000 lvl=info msg="no configuration paths supplied"
t=2025-07-12T04:32:10+0000 lvl=info msg="using configuration at default config path" path=/home/administrator/.config/ngrok/ngrok.yml
t=2025-07-12T04:32:10+0000 lvl=info msg="open config file" path=/home/administrator/.config/ngrok/ngrok.yml err=nil
t=2025-07-12T04:32:10+0000 lvl=info msg="starting web service" obj=web addr=127.0.0.1:4040 allow_hosts=[]
t=2025-07-12T04:32:10+0000 lvl=info msg="client session established" obj=tunnels.session
t=2025-07-12T04:32:10+0000 lvl=info msg="tunnel session started" obj=tunnels.session
t=2025-07-12T04:32:10+0000 lvl=info msg="started tunnel" obj=tunnels name=command_line addr=http://localhost:8080 url=https://thinkai.lat
t=2025-07-12T04:32:10+0000 lvl=info msg="join connections" obj=join id=ec1258ff7c65 l=127.0.0.1:8080 r=200.118.146.98:3153
/home/administrator/think_ai/ngrok-daemon.sh: line 9: 290234 Killed                  ngrok http 8080 --domain=thinkai.lat --log=stdout
[Sat Jul 12 04:32:20 UTC 2025] Ngrok exited, restarting in 5 seconds...
[Sat Jul 12 04:32:25 UTC 2025] Starting ngrok...
t=2025-07-12T04:32:25+0000 lvl=info msg="no configuration paths supplied"
t=2025-07-12T04:32:25+0000 lvl=info msg="using configuration at default config path" path=/home/administrator/.config/ngrok/ngrok.yml
t=2025-07-12T04:32:25+0000 lvl=info msg="open config file" path=/home/administrator/.config/ngrok/ngrok.yml err=nil
t=2025-07-12T04:32:25+0000 lvl=info msg="starting web service" obj=web addr=127.0.0.1:4040 allow_hosts=[]
t=2025-07-12T04:32:25+0000 lvl=info msg="client session established" obj=tunnels.session
t=2025-07-12T04:32:25+0000 lvl=info msg="tunnel session started" obj=tunnels.session
t=2025-07-12T04:32:25+0000 lvl=info msg="started tunnel" obj=tunnels name=command_line addr=http://localhost:8080 url=https://thinkai.lat
t=2025-07-12T04:32:46+0000 lvl=info msg="received stop request" obj=app stopReq="{err:<nil> restart:false}"
t=2025-07-12T04:32:46+0000 lvl=info msg="session closing" obj=tunnels.session err=nil
t=2025-07-12T04:32:46+0000 lvl=info msg="accept failed" obj=tunnels.session obj=csess id=26c7c8c464ff err="reconnecting session closed"
[Sat Jul 12 04:32:46 UTC 2025] Ngrok exited, restarting in 5 seconds...
[Sat Jul 12 04:32:51 UTC 2025] Starting ngrok...
t=2025-07-12T04:32:51+0000 lvl=info msg="no configuration paths supplied"
t=2025-07-12T04:32:51+0000 lvl=info msg="using configuration at default config path" path=/home/administrator/.config/ngrok/ngrok.yml
t=2025-07-12T04:32:51+0000 lvl=info msg="open config file" path=/home/administrator/.config/ngrok/ngrok.yml err=nil
t=2025-07-12T04:32:51+0000 lvl=info msg="starting web service" obj=web addr=127.0.0.1:4040 allow_hosts=[]
t=2025-07-12T04:32:51+0000 lvl=info msg="client session established" obj=tunnels.session
t=2025-07-12T04:32:51+0000 lvl=info msg="tunnel session started" obj=tunnels.session
t=2025-07-12T04:32:51+0000 lvl=info msg="started tunnel" obj=tunnels name=command_line addr=http://localhost:8080 url=https://thinkai.lat
t=2025-07-12T04:33:06+0000 lvl=info msg="received stop request" obj=app stopReq="{err:<nil> restart:false}"
t=2025-07-12T04:33:06+0000 lvl=info msg="session closing" obj=tunnels.session err=nil
t=2025-07-12T04:33:06+0000 lvl=info msg="accept failed" obj=tunnels.session obj=csess id=b844f72cef74 err="reconnecting session closed"
[Sat Jul 12 04:33:06 UTC 2025] Ngrok exited, restarting in 5 seconds...
[Sat Jul 12 04:33:11 UTC 2025] Starting ngrok...
t=2025-07-12T04:33:11+0000 lvl=info msg="no configuration paths supplied"
t=2025-07-12T04:33:11+0000 lvl=info msg="using configuration at default config path" path=/home/administrator/.config/ngrok/ngrok.yml
t=2025-07-12T04:33:11+0000 lvl=info msg="open config file" path=/home/administrator/.config/ngrok/ngrok.yml err=nil
t=2025-07-12T04:33:11+0000 lvl=info msg="starting web service" obj=web addr=127.0.0.1:4040 allow_hosts=[]
t=2025-07-12T04:33:11+0000 lvl=info msg="client session established" obj=tunnels.session
t=2025-07-12T04:33:11+0000 lvl=info msg="tunnel session started" obj=tunnels.session
t=2025-07-12T04:33:12+0000 lvl=info msg="started tunnel" obj=tunnels name=command_line addr=http://localhost:8080 url=https://thinkai.lat
t=2025-07-12T04:33:26+0000 lvl=info msg="join connections" obj=join id=514bf16591f9 l=127.0.0.1:8080 r=[2001:4858:aaaa:110:225:90ff:feea:b19c]:35006
t=2025-07-12T04:33:26+0000 lvl=info msg="join connections" obj=join id=b67f679c6076 l=127.0.0.1:8080 r=[2001:4858:aaaa:110:225:90ff:feea:b19c]:49544
t=2025-07-12T04:33:27+0000 lvl=info msg="received stop request" obj=app stopReq="{err:<nil> restart:false}"
t=2025-07-12T04:33:27+0000 lvl=info msg="session closing" obj=tunnels.session err=nil
t=2025-07-12T04:33:27+0000 lvl=info msg="accept failed" obj=tunnels.session obj=csess id=a6e0ff634f0c err="reconnecting session closed"
[Sat Jul 12 04:33:27 UTC 2025] Ngrok exited, restarting in 5 seconds...
[Sat Jul 12 04:33:32 UTC 2025] Starting ngrok...
t=2025-07-12T04:33:32+0000 lvl=info msg="no configuration paths supplied"
t=2025-07-12T04:33:32+0000 lvl=info msg="using configuration at default config path" path=/home/administrator/.config/ngrok/ngrok.yml
t=2025-07-12T04:33:32+0000 lvl=info msg="open config file" path=/home/administrator/.config/ngrok/ngrok.yml err=nil
t=2025-07-12T04:33:32+0000 lvl=info msg="starting web service" obj=web addr=127.0.0.1:4040 allow_hosts=[]
t=2025-07-12T04:33:32+0000 lvl=info msg="client session established" obj=tunnels.session
t=2025-07-12T04:33:32+0000 lvl=info msg="tunnel session started" obj=tunnels.session
t=2025-07-12T04:33:32+0000 lvl=info msg="started tunnel" obj=tunnels name=command_line addr=http://localhost:8080 url=https://thinkai.lat
t=2025-07-12T04:33:47+0000 lvl=info msg="received stop request" obj=app stopReq="{err:<nil> restart:false}"
t=2025-07-12T04:33:47+0000 lvl=info msg="session closing" obj=tunnels.session err=nil
t=2025-07-12T04:33:47+0000 lvl=info msg="accept failed" obj=tunnels.session obj=csess id=522a5b0a63e1 err="reconnecting session closed"
[Sat Jul 12 04:33:47 UTC 2025] Ngrok exited, restarting in 5 seconds...
[Sat Jul 12 04:33:52 UTC 2025] Starting ngrok...
t=2025-07-12T04:33:52+0000 lvl=info msg="no configuration paths supplied"
t=2025-07-12T04:33:52+0000 lvl=info msg="using configuration at default config path" path=/home/administrator/.config/ngrok/ngrok.yml
t=2025-07-12T04:33:52+0000 lvl=info msg="open config file" path=/home/administrator/.config/ngrok/ngrok.yml err=nil
t=2025-07-12T04:33:52+0000 lvl=info msg="starting web service" obj=web addr=127.0.0.1:4040 allow_hosts=[]
t=2025-07-12T04:33:52+0000 lvl=info msg="client session established" obj=tunnels.session
t=2025-07-12T04:33:52+0000 lvl=info msg="tunnel session started" obj=tunnels.session
t=2025-07-12T04:33:52+0000 lvl=info msg="started tunnel" obj=tunnels name=command_line addr=http://localhost:8080 url=https://thinkai.lat
t=2025-07-12T04:33:58+0000 lvl=info msg="join connections" obj=join id=1da65d9e506b l=127.0.0.1:8080 r=[2001:4858:aaaa:110:225:90ff:feea:b19c]:43344
t=2025-07-12T04:33:58+0000 lvl=info msg="join connections" obj=join id=495854a1c09c l=127.0.0.1:8080 r=[2001:4858:aaaa:110:225:90ff:feea:b19c]:54422
t=2025-07-12T04:34:00+0000 lvl=info msg="join connections" obj=join id=8bf89114736f l=127.0.0.1:8080 r=[2001:4858:aaaa:110:225:90ff:feea:b19c]:42244
/home/administrator/think_ai/ngrok-daemon.sh: line 9: 290643 Killed                  ngrok http 8080 --domain=thinkai.lat --log=stdout
[Sat Jul 12 04:34:03 UTC 2025] Ngrok exited, restarting in 5 seconds...
[Sat Jul 12 04:34:08 UTC 2025] Starting ngrok...
t=2025-07-12T04:34:08+0000 lvl=info msg="no configuration paths supplied"
t=2025-07-12T04:34:08+0000 lvl=info msg="using configuration at default config path" path=/home/administrator/.config/ngrok/ngrok.yml
t=2025-07-12T04:34:08+0000 lvl=info msg="open config file" path=/home/administrator/.config/ngrok/ngrok.yml err=nil
t=2025-07-12T04:34:08+0000 lvl=info msg="starting web service" obj=web addr=127.0.0.1:4040 allow_hosts=[]
t=2025-07-12T04:34:08+0000 lvl=info msg="client session established" obj=tunnels.session
t=2025-07-12T04:34:08+0000 lvl=info msg="tunnel session started" obj=tunnels.session
t=2025-07-12T04:34:08+0000 lvl=info msg="started tunnel" obj=tunnels name=command_line addr=http://localhost:8080 url=https://thinkai.lat
t=2025-07-12T04:34:14+0000 lvl=info msg="received stop request" obj=app stopReq="{err:<nil> restart:false}"
t=2025-07-12T04:34:14+0000 lvl=info msg="session closing" obj=tunnels.session err=nil
t=2025-07-12T04:34:14+0000 lvl=info msg="accept failed" obj=tunnels.session obj=csess id=faab172e5a05 err="reconnecting session closed"
[Sat Jul 12 04:34:14 UTC 2025] Ngrok exited, restarting in 5 seconds...
[Sat Jul 12 04:34:19 UTC 2025] Starting ngrok...
t=2025-07-12T04:34:19+0000 lvl=info msg="no configuration paths supplied"
t=2025-07-12T04:34:19+0000 lvl=info msg="using configuration at default config path" path=/home/administrator/.config/ngrok/ngrok.yml
t=2025-07-12T04:34:19+0000 lvl=info msg="open config file" path=/home/administrator/.config/ngrok/ngrok.yml err=nil
t=2025-07-12T04:34:19+0000 lvl=info msg="starting web service" obj=web addr=127.0.0.1:4040 allow_hosts=[]
t=2025-07-12T04:34:19+0000 lvl=info msg="client session established" obj=tunnels.session
t=2025-07-12T04:34:19+0000 lvl=info msg="tunnel session started" obj=tunnels.session
t=2025-07-12T04:34:19+0000 lvl=info msg="started tunnel" obj=tunnels name=command_line addr=http://localhost:8080 url=https://thinkai.lat
t=2025-07-12T04:34:28+0000 lvl=info msg="received stop request" obj=app stopReq="{err:<nil> restart:false}"
t=2025-07-12T04:34:28+0000 lvl=info msg="session closing" obj=tunnels.session err=nil
t=2025-07-12T04:34:28+0000 lvl=info msg="accept failed" obj=tunnels.session obj=csess id=89e487599d12 err="reconnecting session closed"
[Sat Jul 12 04:34:28 UTC 2025] Ngrok exited, restarting in 5 seconds...
[Sat Jul 12 04:34:33 UTC 2025] Starting ngrok...
t=2025-07-12T04:34:33+0000 lvl=info msg="no configuration paths supplied"
t=2025-07-12T04:34:33+0000 lvl=info msg="using configuration at default config path" path=/home/administrator/.config/ngrok/ngrok.yml
t=2025-07-12T04:34:33+0000 lvl=info msg="open config file" path=/home/administrator/.config/ngrok/ngrok.yml err=nil
t=2025-07-12T04:34:33+0000 lvl=info msg="starting web service" obj=web addr=127.0.0.1:4040 allow_hosts=[]
t=2025-07-12T04:34:33+0000 lvl=info msg="received stop request" obj=app stopReq="{err:<nil> restart:false}"
t=2025-07-12T04:34:33+0000 lvl=info msg="session closing" obj=tunnels.session err=nil
[Sat Jul 12 04:34:33 UTC 2025] Ngrok exited, restarting in 5 seconds...
[Sat Jul 12 04:34:38 UTC 2025] Starting ngrok...
t=2025-07-12T04:34:38+0000 lvl=info msg="no configuration paths supplied"
t=2025-07-12T04:34:38+0000 lvl=info msg="using configuration at default config path" path=/home/administrator/.config/ngrok/ngrok.yml
t=2025-07-12T04:34:38+0000 lvl=info msg="open config file" path=/home/administrator/.config/ngrok/ngrok.yml err=nil
t=2025-07-12T04:34:38+0000 lvl=info msg="starting web service" obj=web addr=127.0.0.1:4040 allow_hosts=[]
t=2025-07-12T04:34:38+0000 lvl=info msg="client session established" obj=tunnels.session
t=2025-07-12T04:34:38+0000 lvl=info msg="tunnel session started" obj=tunnels.session
t=2025-07-12T04:34:39+0000 lvl=info msg="started tunnel" obj=tunnels name=command_line addr=http://localhost:8080 url=https://thinkai.lat
t=2025-07-12T04:34:41+0000 lvl=info msg="join connections" obj=join id=840ada0fb4e3 l=127.0.0.1:8080 r=200.118.146.98:3143
/home/administrator/think_ai/ngrok-daemon.sh: line 9: 291010 Killed                  ngrok http 8080 --domain=thinkai.lat --log=stdout
[Sat Jul 12 04:34:43 UTC 2025] Ngrok exited, restarting in 5 seconds...
[Sat Jul 12 04:34:48 UTC 2025] Starting ngrok...
t=2025-07-12T04:34:48+0000 lvl=info msg="no configuration paths supplied"
t=2025-07-12T04:34:48+0000 lvl=info msg="using configuration at default config path" path=/home/administrator/.config/ngrok/ngrok.yml
t=2025-07-12T04:34:48+0000 lvl=info msg="open config file" path=/home/administrator/.config/ngrok/ngrok.yml err=nil
t=2025-07-12T04:34:49+0000 lvl=info msg="starting web service" obj=web addr=127.0.0.1:4040 allow_hosts=[]
t=2025-07-12T04:34:49+0000 lvl=info msg="client session established" obj=tunnels.session
t=2025-07-12T04:34:49+0000 lvl=info msg="tunnel session started" obj=tunnels.session
t=2025-07-12T04:34:49+0000 lvl=info msg="started tunnel" obj=tunnels name=command_line addr=http://localhost:8080 url=https://thinkai.lat
t=2025-07-12T04:34:53+0000 lvl=info msg="join connections" obj=join id=61b2b01dba8d l=127.0.0.1:8080 r=200.118.146.98:1446
/home/administrator/think_ai/ngrok-daemon.sh: line 9: 291076 Killed                  ngrok http 8080 --domain=thinkai.lat --log=stdout
[Sat Jul 12 04:34:54 UTC 2025] Ngrok exited, restarting in 5 seconds...
[Sat Jul 12 04:34:59 UTC 2025] Starting ngrok...
t=2025-07-12T04:34:59+0000 lvl=info msg="no configuration paths supplied"
t=2025-07-12T04:34:59+0000 lvl=info msg="using configuration at default config path" path=/home/administrator/.config/ngrok/ngrok.yml
t=2025-07-12T04:34:59+0000 lvl=info msg="open config file" path=/home/administrator/.config/ngrok/ngrok.yml err=nil
t=2025-07-12T04:34:59+0000 lvl=info msg="starting web service" obj=web addr=127.0.0.1:4040 allow_hosts=[]
t=2025-07-12T04:34:59+0000 lvl=info msg="client session established" obj=tunnels.session
t=2025-07-12T04:34:59+0000 lvl=info msg="tunnel session started" obj=tunnels.session
t=2025-07-12T04:34:59+0000 lvl=info msg="started tunnel" obj=tunnels name=command_line addr=http://localhost:8080 url=https://thinkai.lat
t=2025-07-12T04:35:09+0000 lvl=info msg="received stop request" obj=app stopReq="{err:<nil> restart:false}"
t=2025-07-12T04:35:09+0000 lvl=info msg="session closing" obj=tunnels.session err=nil
t=2025-07-12T04:35:09+0000 lvl=info msg="accept failed" obj=tunnels.session obj=csess id=29947790db60 err="reconnecting session closed"
[Sat Jul 12 04:35:09 UTC 2025] Ngrok exited, restarting in 5 seconds...
[Sat Jul 12 04:35:14 UTC 2025] Starting ngrok...
t=2025-07-12T04:35:14+0000 lvl=info msg="no configuration paths supplied"
t=2025-07-12T04:35:14+0000 lvl=info msg="using configuration at default config path" path=/home/administrator/.config/ngrok/ngrok.yml
t=2025-07-12T04:35:14+0000 lvl=info msg="open config file" path=/home/administrator/.config/ngrok/ngrok.yml err=nil
t=2025-07-12T04:35:14+0000 lvl=info msg="starting web service" obj=web addr=127.0.0.1:4040 allow_hosts=[]
t=2025-07-12T04:35:14+0000 lvl=info msg="client session established" obj=tunnels.session
t=2025-07-12T04:35:14+0000 lvl=info msg="tunnel session started" obj=tunnels.session
t=2025-07-12T04:35:14+0000 lvl=info msg="started tunnel" obj=tunnels name=command_line addr=http://localhost:8080 url=https://thinkai.lat
t=2025-07-12T04:35:26+0000 lvl=info msg="received stop request" obj=app stopReq="{err:<nil> restart:false}"
t=2025-07-12T04:35:26+0000 lvl=info msg="session closing" obj=tunnels.session err=nil
t=2025-07-12T04:35:26+0000 lvl=info msg="accept failed" obj=tunnels.session obj=csess id=9c05ec0433dd err="reconnecting session closed"
[Sat Jul 12 04:35:26 UTC 2025] Ngrok exited, restarting in 5 seconds...
[Sat Jul 12 04:35:31 UTC 2025] Starting ngrok...
t=2025-07-12T04:35:31+0000 lvl=info msg="no configuration paths supplied"
t=2025-07-12T04:35:31+0000 lvl=info msg="using configuration at default config path" path=/home/administrator/.config/ngrok/ngrok.yml
t=2025-07-12T04:35:31+0000 lvl=info msg="open config file" path=/home/administrator/.config/ngrok/ngrok.yml err=nil
t=2025-07-12T04:35:31+0000 lvl=info msg="starting web service" obj=web addr=127.0.0.1:4040 allow_hosts=[]
t=2025-07-12T04:35:31+0000 lvl=info msg="client session established" obj=tunnels.session
t=2025-07-12T04:35:31+0000 lvl=info msg="tunnel session started" obj=tunnels.session
t=2025-07-12T04:35:31+0000 lvl=info msg="started tunnel" obj=tunnels name=command_line addr=http://localhost:8080 url=https://thinkai.lat
t=2025-07-12T04:35:36+0000 lvl=info msg="received stop request" obj=app stopReq="{err:<nil> restart:false}"
t=2025-07-12T04:35:36+0000 lvl=info msg="session closing" obj=tunnels.session err=nil
[Sat Jul 12 04:35:36 UTC 2025] Ngrok exited, restarting in 5 seconds...
[Sat Jul 12 04:35:41 UTC 2025] Starting ngrok...
t=2025-07-12T04:35:41+0000 lvl=info msg="no configuration paths supplied"
t=2025-07-12T04:35:41+0000 lvl=info msg="using configuration at default config path" path=/home/administrator/.config/ngrok/ngrok.yml
t=2025-07-12T04:35:41+0000 lvl=info msg="open config file" path=/home/administrator/.config/ngrok/ngrok.yml err=nil
t=2025-07-12T04:35:41+0000 lvl=info msg="starting web service" obj=web addr=127.0.0.1:4040 allow_hosts=[]
t=2025-07-12T04:35:41+0000 lvl=info msg="client session established" obj=tunnels.session
t=2025-07-12T04:35:41+0000 lvl=info msg="tunnel session started" obj=tunnels.session
t=2025-07-12T04:35:41+0000 lvl=info msg="started tunnel" obj=tunnels name=command_line addr=http://localhost:8080 url=https://thinkai.lat
t=2025-07-12T04:35:46+0000 lvl=info msg="join connections" obj=join id=2334422c3d2a l=127.0.0.1:8080 r=200.118.146.98:3182
t=2025-07-12T04:35:46+0000 lvl=info msg="received stop request" obj=app stopReq="{err:<nil> restart:false}"
t=2025-07-12T04:35:46+0000 lvl=info msg="session closing" obj=tunnels.session err=nil
t=2025-07-12T04:35:46+0000 lvl=info msg="accept failed" obj=tunnels.session obj=csess id=c448d9fafe8b err="reconnecting session closed"
[Sat Jul 12 04:35:46 UTC 2025] Ngrok exited, restarting in 5 seconds...
[Sat Jul 12 04:35:51 UTC 2025] Starting ngrok...
t=2025-07-12T04:35:51+0000 lvl=info msg="no configuration paths supplied"
t=2025-07-12T04:35:51+0000 lvl=info msg="using configuration at default config path" path=/home/administrator/.config/ngrok/ngrok.yml
t=2025-07-12T04:35:51+0000 lvl=info msg="open config file" path=/home/administrator/.config/ngrok/ngrok.yml err=nil
t=2025-07-12T04:35:52+0000 lvl=info msg="starting web service" obj=web addr=127.0.0.1:4040 allow_hosts=[]
t=2025-07-12T04:35:52+0000 lvl=info msg="client session established" obj=tunnels.session
t=2025-07-12T04:35:52+0000 lvl=info msg="tunnel session started" obj=tunnels.session
t=2025-07-12T04:35:52+0000 lvl=info msg="started tunnel" obj=tunnels name=command_line addr=http://localhost:8080 url=https://thinkai.lat
t=2025-07-12T04:36:00+0000 lvl=info msg="received stop request" obj=app stopReq="{err:<nil> restart:false}"
t=2025-07-12T04:36:00+0000 lvl=info msg="session closing" obj=tunnels.session err=nil
[Sat Jul 12 04:36:00 UTC 2025] Ngrok exited, restarting in 5 seconds...
[Sat Jul 12 04:36:05 UTC 2025] Starting ngrok...
t=2025-07-12T04:36:05+0000 lvl=info msg="no configuration paths supplied"
t=2025-07-12T04:36:05+0000 lvl=info msg="using configuration at default config path" path=/home/administrator/.config/ngrok/ngrok.yml
t=2025-07-12T04:36:05+0000 lvl=info msg="open config file" path=/home/administrator/.config/ngrok/ngrok.yml err=nil
t=2025-07-12T04:36:05+0000 lvl=info msg="starting web service" obj=web addr=127.0.0.1:4040 allow_hosts=[]
t=2025-07-12T04:36:05+0000 lvl=info msg="client session established" obj=tunnels.session
t=2025-07-12T04:36:05+0000 lvl=info msg="tunnel session started" obj=tunnels.session
t=2025-07-12T04:36:05+0000 lvl=info msg="started tunnel" obj=tunnels name=command_line addr=http://localhost:8080 url=https://thinkai.lat
t=2025-07-12T04:36:10+0000 lvl=info msg="received stop request" obj=app stopReq="{err:<nil> restart:false}"
t=2025-07-12T04:36:10+0000 lvl=info msg="session closing" obj=tunnels.session err=nil
t=2025-07-12T04:36:10+0000 lvl=info msg="accept failed" obj=tunnels.session obj=csess id=5d965167b64c err="reconnecting session closed"
[Sat Jul 12 04:36:10 UTC 2025] Ngrok exited, restarting in 5 seconds...
[Sat Jul 12 04:36:15 UTC 2025] Starting ngrok...
t=2025-07-12T04:36:15+0000 lvl=info msg="no configuration paths supplied"
t=2025-07-12T04:36:15+0000 lvl=info msg="using configuration at default config path" path=/home/administrator/.config/ngrok/ngrok.yml
t=2025-07-12T04:36:15+0000 lvl=info msg="open config file" path=/home/administrator/.config/ngrok/ngrok.yml err=nil
t=2025-07-12T04:36:16+0000 lvl=info msg="starting web service" obj=web addr=127.0.0.1:4040 allow_hosts=[]
t=2025-07-12T04:36:16+0000 lvl=info msg="client session established" obj=tunnels.session
t=2025-07-12T04:36:16+0000 lvl=info msg="tunnel session started" obj=tunnels.session
t=2025-07-12T04:36:16+0000 lvl=info msg="started tunnel" obj=tunnels name=command_line addr=http://localhost:8080 url=https://thinkai.lat
t=2025-07-12T04:36:21+0000 lvl=info msg="received stop request" obj=app stopReq="{err:<nil> restart:false}"
t=2025-07-12T04:36:21+0000 lvl=info msg="session closing" obj=tunnels.session err=nil
t=2025-07-12T04:36:21+0000 lvl=info msg="accept failed" obj=tunnels.session obj=csess id=4c1b2c028740 err="reconnecting session closed"
[Sat Jul 12 04:36:21 UTC 2025] Ngrok exited, restarting in 5 seconds...
[Sat Jul 12 04:36:26 UTC 2025] Starting ngrok...
t=2025-07-12T04:36:26+0000 lvl=info msg="no configuration paths supplied"
t=2025-07-12T04:36:26+0000 lvl=info msg="using configuration at default config path" path=/home/administrator/.config/ngrok/ngrok.yml
t=2025-07-12T04:36:26+0000 lvl=info msg="open config file" path=/home/administrator/.config/ngrok/ngrok.yml err=nil
t=2025-07-12T04:36:26+0000 lvl=info msg="starting web service" obj=web addr=127.0.0.1:4040 allow_hosts=[]
t=2025-07-12T04:36:26+0000 lvl=info msg="client session established" obj=tunnels.session
t=2025-07-12T04:36:26+0000 lvl=info msg="tunnel session started" obj=tunnels.session
t=2025-07-12T04:36:26+0000 lvl=info msg="started tunnel" obj=tunnels name=command_line addr=http://localhost:8080 url=https://thinkai.lat
t=2025-07-12T04:36:31+0000 lvl=info msg="received stop request" obj=app stopReq="{err:<nil> restart:false}"
t=2025-07-12T04:36:31+0000 lvl=info msg="session closing" obj=tunnels.session err=nil
t=2025-07-12T04:36:31+0000 lvl=info msg="accept failed" obj=tunnels.session obj=csess id=6740a72b0524 err="reconnecting session closed"
[Sat Jul 12 04:36:31 UTC 2025] Ngrok exited, restarting in 5 seconds...
[Sat Jul 12 04:36:36 UTC 2025] Starting ngrok...
t=2025-07-12T04:36:36+0000 lvl=info msg="no configuration paths supplied"
t=2025-07-12T04:36:36+0000 lvl=info msg="using configuration at default config path" path=/home/administrator/.config/ngrok/ngrok.yml
t=2025-07-12T04:36:36+0000 lvl=info msg="open config file" path=/home/administrator/.config/ngrok/ngrok.yml err=nil
t=2025-07-12T04:36:36+0000 lvl=info msg="starting web service" obj=web addr=127.0.0.1:4040 allow_hosts=[]
t=2025-07-12T04:36:36+0000 lvl=info msg="client session established" obj=tunnels.session
t=2025-07-12T04:36:36+0000 lvl=info msg="tunnel session started" obj=tunnels.session
t=2025-07-12T04:36:36+0000 lvl=info msg="started tunnel" obj=tunnels name=command_line addr=http://localhost:8080 url=https://thinkai.lat
t=2025-07-12T04:36:41+0000 lvl=info msg="received stop request" obj=app stopReq="{err:<nil> restart:false}"
t=2025-07-12T04:36:41+0000 lvl=info msg="session closing" obj=tunnels.session err=nil
t=2025-07-12T04:36:41+0000 lvl=info msg="accept failed" obj=tunnels.session obj=csess id=5da938a91735 err="reconnecting session closed"
[Sat Jul 12 04:36:41 UTC 2025] Ngrok exited, restarting in 5 seconds...
[Sat Jul 12 04:36:46 UTC 2025] Starting ngrok...
t=2025-07-12T04:36:46+0000 lvl=info msg="no configuration paths supplied"
t=2025-07-12T04:36:46+0000 lvl=info msg="using configuration at default config path" path=/home/administrator/.config/ngrok/ngrok.yml
t=2025-07-12T04:36:46+0000 lvl=info msg="open config file" path=/home/administrator/.config/ngrok/ngrok.yml err=nil
t=2025-07-12T04:36:46+0000 lvl=info msg="starting web service" obj=web addr=127.0.0.1:4040 allow_hosts=[]
t=2025-07-12T04:36:46+0000 lvl=info msg="client session established" obj=tunnels.session
t=2025-07-12T04:36:46+0000 lvl=info msg="tunnel session started" obj=tunnels.session
t=2025-07-12T04:36:46+0000 lvl=info msg="started tunnel" obj=tunnels name=command_line addr=http://localhost:8080 url=https://thinkai.lat
t=2025-07-12T04:36:51+0000 lvl=info msg="received stop request" obj=app stopReq="{err:<nil> restart:false}"
t=2025-07-12T04:36:51+0000 lvl=info msg="session closing" obj=tunnels.session err=nil
t=2025-07-12T04:36:51+0000 lvl=info msg="accept failed" obj=tunnels.session obj=csess id=5b20bc4467a4 err="reconnecting session closed"
[Sat Jul 12 04:36:51 UTC 2025] Ngrok exited, restarting in 5 seconds...
[Sat Jul 12 04:36:56 UTC 2025] Starting ngrok...
t=2025-07-12T04:36:56+0000 lvl=info msg="no configuration paths supplied"
t=2025-07-12T04:36:56+0000 lvl=info msg="using configuration at default config path" path=/home/administrator/.config/ngrok/ngrok.yml
t=2025-07-12T04:36:56+0000 lvl=info msg="open config file" path=/home/administrator/.config/ngrok/ngrok.yml err=nil
t=2025-07-12T04:36:56+0000 lvl=info msg="starting web service" obj=web addr=127.0.0.1:4040 allow_hosts=[]
t=2025-07-12T04:36:56+0000 lvl=info msg="client session established" obj=tunnels.session
t=2025-07-12T04:36:56+0000 lvl=info msg="tunnel session started" obj=tunnels.session
t=2025-07-12T04:36:56+0000 lvl=info msg="started tunnel" obj=tunnels name=command_line addr=http://localhost:8080 url=https://thinkai.lat
t=2025-07-12T04:37:01+0000 lvl=info msg="received stop request" obj=app stopReq="{err:<nil> restart:false}"
t=2025-07-12T04:37:01+0000 lvl=info msg="session closing" obj=tunnels.session err=nil
t=2025-07-12T04:37:01+0000 lvl=info msg="accept failed" obj=tunnels.session obj=csess id=6d5d54e6761c err="reconnecting session closed"
[Sat Jul 12 04:37:01 UTC 2025] Ngrok exited, restarting in 5 seconds...
[Sat Jul 12 04:37:06 UTC 2025] Starting ngrok...
t=2025-07-12T04:37:06+0000 lvl=info msg="no configuration paths supplied"
t=2025-07-12T04:37:06+0000 lvl=info msg="using configuration at default config path" path=/home/administrator/.config/ngrok/ngrok.yml
t=2025-07-12T04:37:06+0000 lvl=info msg="open config file" path=/home/administrator/.config/ngrok/ngrok.yml err=nil
t=2025-07-12T04:37:07+0000 lvl=info msg="starting web service" obj=web addr=127.0.0.1:4040 allow_hosts=[]
t=2025-07-12T04:37:07+0000 lvl=info msg="client session established" obj=tunnels.session
t=2025-07-12T04:37:07+0000 lvl=info msg="tunnel session started" obj=tunnels.session
t=2025-07-12T04:37:07+0000 lvl=info msg="started tunnel" obj=tunnels name=command_line addr=http://localhost:8080 url=https://thinkai.lat
t=2025-07-12T04:37:12+0000 lvl=info msg="received stop request" obj=app stopReq="{err:<nil> restart:false}"
t=2025-07-12T04:37:12+0000 lvl=info msg="session closing" obj=tunnels.session err=nil
t=2025-07-12T04:37:12+0000 lvl=info msg="accept failed" obj=tunnels.session obj=csess id=8bf25b644685 err="reconnecting session closed"
[Sat Jul 12 04:37:12 UTC 2025] Ngrok exited, restarting in 5 seconds...
[Sat Jul 12 04:37:17 UTC 2025] Starting ngrok...
t=2025-07-12T04:37:17+0000 lvl=info msg="no configuration paths supplied"
t=2025-07-12T04:37:17+0000 lvl=info msg="using configuration at default config path" path=/home/administrator/.config/ngrok/ngrok.yml
t=2025-07-12T04:37:17+0000 lvl=info msg="open config file" path=/home/administrator/.config/ngrok/ngrok.yml err=nil
t=2025-07-12T04:37:17+0000 lvl=info msg="starting web service" obj=web addr=127.0.0.1:4040 allow_hosts=[]
t=2025-07-12T04:37:17+0000 lvl=info msg="client session established" obj=tunnels.session
t=2025-07-12T04:37:17+0000 lvl=info msg="tunnel session started" obj=tunnels.session
t=2025-07-12T04:37:17+0000 lvl=info msg="started tunnel" obj=tunnels name=command_line addr=http://localhost:8080 url=https://thinkai.lat
t=2025-07-12T04:37:22+0000 lvl=info msg="received stop request" obj=app stopReq="{err:<nil> restart:false}"
t=2025-07-12T04:37:22+0000 lvl=info msg="session closing" obj=tunnels.session err=nil
[Sat Jul 12 04:37:22 UTC 2025] Ngrok exited, restarting in 5 seconds...
[Sat Jul 12 04:37:27 UTC 2025] Starting ngrok...
t=2025-07-12T04:37:27+0000 lvl=info msg="no configuration paths supplied"
t=2025-07-12T04:37:27+0000 lvl=info msg="using configuration at default config path" path=/home/administrator/.config/ngrok/ngrok.yml
t=2025-07-12T04:37:27+0000 lvl=info msg="open config file" path=/home/administrator/.config/ngrok/ngrok.yml err=nil
t=2025-07-12T04:37:27+0000 lvl=info msg="starting web service" obj=web addr=127.0.0.1:4040 allow_hosts=[]
t=2025-07-12T04:37:27+0000 lvl=info msg="client session established" obj=tunnels.session
t=2025-07-12T04:37:27+0000 lvl=info msg="tunnel session started" obj=tunnels.session
t=2025-07-12T04:37:27+0000 lvl=info msg="started tunnel" obj=tunnels name=command_line addr=http://localhost:8080 url=https://thinkai.lat
t=2025-07-12T04:37:32+0000 lvl=info msg="received stop request" obj=app stopReq="{err:<nil> restart:false}"
t=2025-07-12T04:37:32+0000 lvl=info msg="session closing" obj=tunnels.session err=nil
t=2025-07-12T04:37:32+0000 lvl=info msg="accept failed" obj=tunnels.session obj=csess id=9ce193285789 err="reconnecting session closed"
[Sat Jul 12 04:37:32 UTC 2025] Ngrok exited, restarting in 5 seconds...
[Sat Jul 12 04:37:37 UTC 2025] Starting ngrok...
t=2025-07-12T04:37:37+0000 lvl=info msg="no configuration paths supplied"
t=2025-07-12T04:37:37+0000 lvl=info msg="using configuration at default config path" path=/home/administrator/.config/ngrok/ngrok.yml
t=2025-07-12T04:37:37+0000 lvl=info msg="open config file" path=/home/administrator/.config/ngrok/ngrok.yml err=nil
t=2025-07-12T04:37:37+0000 lvl=info msg="starting web service" obj=web addr=127.0.0.1:4040 allow_hosts=[]
t=2025-07-12T04:37:37+0000 lvl=info msg="client session established" obj=tunnels.session
t=2025-07-12T04:37:37+0000 lvl=info msg="tunnel session started" obj=tunnels.session
t=2025-07-12T04:37:37+0000 lvl=info msg="started tunnel" obj=tunnels name=command_line addr=http://localhost:8080 url=https://thinkai.lat
t=2025-07-12T04:37:41+0000 lvl=info msg="join connections" obj=join id=e0a1e43861b7 l=127.0.0.1:8080 r=200.118.146.98:3152
/home/administrator/think_ai/ngrok-daemon.sh: line 9: 292011 Killed                  ngrok http 8080 --domain=thinkai.lat --log=stdout
[Sat Jul 12 04:37:44 UTC 2025] Ngrok exited, restarting in 5 seconds...
[Sat Jul 12 04:37:49 UTC 2025] Starting ngrok...
t=2025-07-12T04:37:49+0000 lvl=info msg="no configuration paths supplied"
t=2025-07-12T04:37:49+0000 lvl=info msg="using configuration at default config path" path=/home/administrator/.config/ngrok/ngrok.yml
t=2025-07-12T04:37:49+0000 lvl=info msg="open config file" path=/home/administrator/.config/ngrok/ngrok.yml err=nil
t=2025-07-12T04:37:49+0000 lvl=info msg="starting web service" obj=web addr=127.0.0.1:4040 allow_hosts=[]
t=2025-07-12T04:37:49+0000 lvl=info msg="client session established" obj=tunnels.session
t=2025-07-12T04:37:49+0000 lvl=info msg="tunnel session started" obj=tunnels.session
t=2025-07-12T04:37:49+0000 lvl=info msg="started tunnel" obj=tunnels name=command_line addr=http://localhost:8080 url=https://thinkai.lat
t=2025-07-12T04:38:01+0000 lvl=info msg="join connections" obj=join id=3fa6c6aeeb3f l=127.0.0.1:8080 r=200.118.146.98:3145
/home/administrator/think_ai/ngrok-daemon.sh: line 9: 292067 Killed                  ngrok http 8080 --domain=thinkai.lat --log=stdout
[Sat Jul 12 04:38:05 UTC 2025] Ngrok exited, restarting in 5 seconds...
[Sat Jul 12 04:38:10 UTC 2025] Starting ngrok...
t=2025-07-12T04:38:10+0000 lvl=info msg="no configuration paths supplied"
t=2025-07-12T04:38:10+0000 lvl=info msg="using configuration at default config path" path=/home/administrator/.config/ngrok/ngrok.yml
t=2025-07-12T04:38:10+0000 lvl=info msg="open config file" path=/home/administrator/.config/ngrok/ngrok.yml err=nil
t=2025-07-12T04:38:10+0000 lvl=info msg="starting web service" obj=web addr=127.0.0.1:4040 allow_hosts=[]
t=2025-07-12T04:38:10+0000 lvl=info msg="client session established" obj=tunnels.session
t=2025-07-12T04:38:10+0000 lvl=info msg="tunnel session started" obj=tunnels.session
t=2025-07-12T04:38:10+0000 lvl=info msg="started tunnel" obj=tunnels name=command_line addr=http://localhost:8080 url=https://thinkai.lat
t=2025-07-12T04:39:39+0000 lvl=info msg="join connections" obj=join id=03ea42975b93 l=127.0.0.1:8080 r=200.118.146.98:1463
/home/administrator/think_ai/ngrok-daemon.sh: line 9: 292123 Killed                  ngrok http 8080 --domain=thinkai.lat --log=stdout
[Sat Jul 12 04:39:47 UTC 2025] Ngrok exited, restarting in 5 seconds...
[Sat Jul 12 04:39:52 UTC 2025] Starting ngrok...
t=2025-07-12T04:39:52+0000 lvl=info msg="no configuration paths supplied"
t=2025-07-12T04:39:52+0000 lvl=info msg="using configuration at default config path" path=/home/administrator/.config/ngrok/ngrok.yml
t=2025-07-12T04:39:52+0000 lvl=info msg="open config file" path=/home/administrator/.config/ngrok/ngrok.yml err=nil
t=2025-07-12T04:39:52+0000 lvl=info msg="starting web service" obj=web addr=127.0.0.1:4040 allow_hosts=[]
t=2025-07-12T04:39:52+0000 lvl=info msg="client session established" obj=tunnels.session
t=2025-07-12T04:39:52+0000 lvl=info msg="tunnel session started" obj=tunnels.session
t=2025-07-12T04:39:52+0000 lvl=info msg="started tunnel" obj=tunnels name=command_line addr=http://localhost:8080 url=https://thinkai.lat
