🚀 Think AI Stable Server with Streaming Starting...
✅ Production-ready with SSE support
🌐 Server running on http://0.0.0.0:8080
🌊 Streaming endpoint available at POST /chat/stream
🚀 Think AI Stable Server with Streaming Starting...
✅ Production-ready with SSE support
Error: Failed to bind to port 8080: Address already in use (os error 98)
🚀 Think AI Stable Server with Streaming Starting...
✅ Production-ready with SSE support
Error: Failed to bind to port 8080: Address already in use (os error 98)
🚀 Think AI Stable Server with Streaming Starting...
✅ Production-ready with SSE support
Error: Failed to bind to port 8080: Address already in use (os error 98)
🚀 Think AI Stable Server with Streaming Starting...
✅ Production-ready with SSE support
Error: Failed to bind to port 8080: Address already in use (os error 98)
🚀 Think AI Stable Server with Streaming Starting...
✅ Production-ready with SSE support
🌐 Server running on http://0.0.0.0:8080
🌊 Streaming endpoint available at POST /chat/stream
🚀 Think AI Stable Server with Streaming Starting...
✅ Production-ready with SSE support
🌐 Server running on http://0.0.0.0:8080
🌊 Streaming endpoint available at POST /chat/stream
