2025-06-22 11:45:52,934 - think_ai.storage.vector.fast_vector_db - WARNING - FAISS not available, using NumPy fallback for vector operations
✅ Transformers patched successfully
2025-06-22 11:45:54 [debug    ] ✅ chromadb already available
2025-06-22 11:45:54 [debug    ] ✅ aiosqlite already available
2025-06-22 11:45:54 [debug    ] ✅ cassandra already available
2025-06-22 11:45:54 [debug    ] ✅ dotenv already available
2025-06-22 11:45:54 [debug    ] ✅ huggingface_hub already available
2025-06-22 11:45:54 [debug    ] ✅ transformers already available
2025-06-22 11:45:54 [debug    ] ✅ neo4j already available
2025-06-22 11:45:54 [info     ] 🚀 Think AI Dependency Resolution complete - ¡Qué chimba!
2025-06-22 11:45:56 [info     ] 🇨🇴 Intelligence Optimizer initialized - ¡Dale que vamos tarde!
2025-06-22 11:45:56 [info     ] 🚀 Model Optimizer ready for Colombian-style optimization!
2025-06-22 11:45:56,701 - __main__ - INFO - Successfully imported all Think AI components
2025-06-22 11:45:56,702 - __main__ - INFO - Initializing Think AI engine...
2025-06-22 11:45:56,702 - __main__ - INFO - Engine created, initialization will happen on first request
2025-06-22 11:45:56,750 - __main__ - INFO - Starting Think AI Full System on port 8080
INFO:     Started server process [32688]
INFO:     Waiting for application startup.
INFO:     Application startup complete.
INFO:     Uvicorn running on http://0.0.0.0:8080 (Press CTRL+C to quit)
INFO:     127.0.0.1:61931 - "GET / HTTP/1.1" 200 OK
INFO:     Shutting down
INFO:     Waiting for application shutdown.
INFO:     Application shutdown complete.
INFO:     Finished server process [32688]
