0 verbose cli /usr/bin/node /usr/bin/npm
1 info using npm@9.2.0
2 info using node@v18.19.1
3 timing npm:load:whichnode Completed in 0ms
4 timing config:load:defaults Completed in 4ms
5 timing config:load:file:/usr/share/nodejs/npm/npmrc Completed in 3ms
6 timing config:load:builtin Completed in 3ms
7 timing config:load:cli Completed in 3ms
8 timing config:load:env Completed in 1ms
9 warn config cache-min This option has been deprecated in favor of `--prefer-offline`.
10 timing config:load:file:/home/administrator/think_ai/.npmrc Completed in 1ms
11 timing config:load:project Completed in 3ms
12 timing config:load:file:/home/administrator/.npmrc Completed in 1ms
13 timing config:load:user Completed in 1ms
14 timing config:load:file:/etc/npmrc Completed in 1ms
15 timing config:load:global Completed in 1ms
16 timing config:load:setEnvs Completed in 1ms
17 timing config:load Completed in 18ms
18 timing npm:load:configload Completed in 18ms
19 timing npm:load:mkdirpcache Completed in 0ms
20 timing npm:load:mkdirplogs Completed in 0ms
21 verbose title npm run build
22 verbose argv "run" "build"
23 timing npm:load:setTitle Completed in 1ms
24 timing config:load:flatten Completed in 6ms
25 timing npm:load:display Completed in 8ms
26 verbose logfile logs-max:10 dir:/home/administrator/think_ai/.npm-cache/_logs/2025-07-17T13_46_45_060Z-
27 verbose logfile /home/administrator/think_ai/.npm-cache/_logs/2025-07-17T13_46_45_060Z-debug-0.log
28 timing npm:load:logFile Completed in 15ms
29 timing npm:load:timers Completed in 0ms
30 timing npm:load:configScope Completed in 0ms
31 timing npm:load Completed in 45ms
32 silly logfile start cleaning logs, removing 1 files
33 timing config:load:flatten Completed in 1ms
34 silly logfile done cleaning log files
