0 verbose cli /usr/bin/node /usr/bin/npm
1 info using npm@9.2.0
2 info using node@v18.19.1
3 timing npm:load:whichnode Completed in 1ms
4 timing config:load:defaults Completed in 3ms
5 timing config:load:file:/usr/share/nodejs/npm/npmrc Completed in 3ms
6 timing config:load:builtin Completed in 4ms
7 timing config:load:cli Completed in 3ms
8 timing config:load:env Completed in 1ms
9 warn config cache-min This option has been deprecated in favor of `--prefer-offline`.
10 timing config:load:file:/home/administrator/think_ai/.npmrc Completed in 1ms
11 timing config:load:project Completed in 3ms
12 timing config:load:file:/home/administrator/.npmrc Completed in 1ms
13 timing config:load:user Completed in 1ms
14 timing config:load:file:/etc/npmrc Completed in 0ms
15 timing config:load:global Completed in 0ms
16 timing config:load:setEnvs Completed in 1ms
17 timing config:load Completed in 17ms
18 timing npm:load:configload Completed in 17ms
19 timing npm:load:mkdirpcache Completed in 0ms
20 timing npm:load:mkdirplogs Completed in 0ms
21 verbose title npm install playwright
22 verbose argv "install" "playwright"
23 timing npm:load:setTitle Completed in 1ms
24 timing config:load:flatten Completed in 6ms
25 timing npm:load:display Completed in 8ms
26 verbose logfile logs-max:10 dir:/home/administrator/think_ai/.npm-cache/_logs/2025-07-17T14_14_17_883Z-
27 verbose logfile /home/administrator/think_ai/.npm-cache/_logs/2025-07-17T14_14_17_883Z-debug-0.log
28 timing npm:load:logFile Completed in 14ms
29 timing npm:load:timers Completed in 0ms
30 timing npm:load:configScope Completed in 0ms
31 timing npm:load Completed in 44ms
32 silly logfile start cleaning logs, removing 1 files
33 timing config:load:flatten Completed in 1ms
34 timing arborist:ctor Completed in 1ms
35 silly logfile done cleaning log files
36 timing idealTree:init Completed in 299ms
37 timing idealTree:userRequests Completed in 4ms
38 silly idealTree buildDeps
39 silly fetch manifest playwright@1.54.1
40 timing arborist:ctor Completed in 0ms
41 http fetch GET 200 https://registry.npmjs.org/playwright 258ms (cache stale)
42 silly placeDep ROOT playwright@1.54.1 REPLACE for: think_ai@1.0.0 want: 1.54.1
43 timing idealTree:#root Completed in 324ms
44 timing idealTree:node_modules/playwright Completed in 0ms
45 timing idealTree:buildDeps Completed in 326ms
46 timing idealTree:fixDepFlags Completed in 3ms
47 timing idealTree Completed in 641ms
48 timing reify:loadTrees Completed in 643ms
49 timing reify:diffTrees Completed in 12ms
50 silly reify moves {}
51 timing reify:retireShallow Completed in 2ms
52 timing reify:createSparse Completed in 6ms
53 timing reify:loadBundles Completed in 0ms
54 verbose reify failed optional dependency /home/administrator/think_ai/node_modules/fsevents
55 silly reify mark deleted [ '/home/administrator/think_ai/node_modules/fsevents' ]
56 timing reifyNode:node_modules/fsevents Completed in 4ms
57 timing reify:unpack Completed in 4ms
58 timing reify:unretire Completed in 1ms
59 timing build:queue Completed in 2ms
60 timing build:deps Completed in 2ms
61 timing build Completed in 2ms
62 timing reify:build Completed in 3ms
63 timing reify:trash Completed in 6ms
64 timing reify:save Completed in 120ms
65 timing reify Completed in 870ms
66 silly ADD
67 timing command:install Completed in 879ms
68 verbose exit 0
69 timing npm Completed in 951ms
70 info ok
