[2025-06-20 22:45:39] [INFO] 🚀 Starting Think AI Full System Deployment
[2025-06-20 22:45:39] [INFO] ============================================================
[2025-06-20 22:45:39] [INFO] 
📦 Stage 1: Building Python Libraries
[2025-06-20 22:45:39] [INFO] Building Python library: think-ai-consciousness v2.1.0
[2025-06-20 22:45:39] [INFO] Executing: cd . && python -m build
[2025-06-20 22:45:47] [INFO] Building Python library: think-ai-cli v0.1.0
[2025-06-20 22:45:47] [INFO] Executing: cd think-ai-cli/python && python -m build
[2025-06-20 22:45:54] [INFO] Building Python library: o1-vector-search v1.0.0
[2025-06-20 22:45:54] [INFO] Executing: cd o1-python && python -m build
[2025-06-20 22:46:01] [INFO] 
📦 Stage 2: Building JavaScript Libraries
[2025-06-20 22:46:01] [INFO] Building JavaScript library: think-ai-js v2.0.1
[2025-06-20 22:46:01] [INFO] Executing: cd npm && npm install
[2025-06-20 22:46:04] [INFO] Executing: cd npm && npm run build
[2025-06-20 22:46:06] [INFO] Executing: cd npm && npm pack
[2025-06-20 22:46:08] [INFO] Building JavaScript library: @think-ai/cli v0.2.0
[2025-06-20 22:46:08] [INFO] Executing: cd think-ai-cli/nodejs && npm install
[2025-06-20 22:46:10] [INFO] Executing: cd think-ai-cli/nodejs && npm run build
[2025-06-20 22:46:13] [INFO] Executing: cd think-ai-cli/nodejs && npm pack
[2025-06-20 22:46:13] [INFO] Building JavaScript library: o1-js v1.0.0
[2025-06-20 22:46:13] [INFO] Executing: cd o1-js && npm install
[2025-06-20 22:46:15] [INFO] Executing: cd o1-js && npm run build
[2025-06-20 22:46:17] [INFO] Executing: cd o1-js && npm pack
[2025-06-20 22:46:17] [INFO] 
🧪 Stage 3: Creating Test Environment
[2025-06-20 22:46:17] [INFO] Executing: python -m venv THINK_AI_DEPLOYMENT_20250620_224539/test_environment/venv
[2025-06-20 22:46:27] [INFO] 
🐍 Stage 4: Testing Python Installations
[2025-06-20 22:46:27] [INFO] Testing Python library installations
[2025-06-20 22:46:27] [INFO] Executing: THINK_AI_DEPLOYMENT_20250620_224539/test_environment/venv/bin/pip install THINK_AI_DEPLOYMENT_20250620_224539/python_packages/think-ai-consciousness/think_ai_consciousness-2.1.0-py3-none-any.whl
[2025-06-20 22:49:50] [INFO] Executing: THINK_AI_DEPLOYMENT_20250620_224539/test_environment/venv/bin/pip install THINK_AI_DEPLOYMENT_20250620_224539/python_packages/think-ai-cli/think_ai_cli-0.2.0-py3-none-any.whl
[2025-06-20 22:49:58] [INFO] Executing: THINK_AI_DEPLOYMENT_20250620_224539/test_environment/venv/bin/pip install THINK_AI_DEPLOYMENT_20250620_224539/python_packages/o1-vector-search/o1_vector_search-1.0.0-py3-none-any.whl
[2025-06-20 22:50:04] [INFO] Executing: THINK_AI_DEPLOYMENT_20250620_224539/test_environment/venv/bin/python THINK_AI_DEPLOYMENT_20250620_224539/test_environment/test_python.py
[2025-06-20 22:54:18] [INFO] 
🟨 Stage 5: Testing JavaScript Installations
[2025-06-20 22:54:18] [INFO] Testing JavaScript library installations
[2025-06-20 22:54:18] [INFO] Executing: npm install THINK_AI_DEPLOYMENT_20250620_224539/javascript_packages/think-ai-js/think-ai-js-2.0.1.tgz
[2025-06-20 22:54:18] [INFO] Executing: npm install THINK_AI_DEPLOYMENT_20250620_224539/javascript_packages/@think-ai/cli/think-ai-cli-0.2.0.tgz
[2025-06-20 22:54:19] [INFO] Executing: npm install THINK_AI_DEPLOYMENT_20250620_224539/javascript_packages/o1-js/o1-vector-search-1.0.0.tgz
[2025-06-20 22:54:19] [INFO] Executing: node THINK_AI_DEPLOYMENT_20250620_224539/test_environment/test_javascript.js
[2025-06-20 22:54:19] [INFO] 
🔗 Stage 6: Testing Full System Integration
[2025-06-20 22:54:19] [INFO] Testing full system integration
[2025-06-20 22:54:25] [INFO] 
📚 Stage 7: Generating Documentation
[2025-06-20 22:54:25] [INFO] Generating deployment documentation
[2025-06-20 22:54:25] [INFO] 
📊 Stage 8: Generating Evidence Report
[2025-06-20 22:54:25] [INFO] Generating evidence report
[2025-06-20 22:54:25] [INFO] 
============================================================
[2025-06-20 22:54:25] [INFO] ✅ DEPLOYMENT COMPLETED SUCCESSFULLY!
[2025-06-20 22:54:25] [INFO] 📁 Deployment Directory: THINK_AI_DEPLOYMENT_20250620_224539
[2025-06-20 22:54:25] [INFO] 📊 Evidence Report: THINK_AI_DEPLOYMENT_20250620_224539/evidence_report.html
[2025-06-20 22:54:25] [INFO] 📋 Full Results: THINK_AI_DEPLOYMENT_20250620_224539/deployment_results.json
[2025-06-20 22:54:25] [INFO] ============================================================
