[2025-06-20 23:40:07] [INFO] 🚀 Starting Think AI Full System Deployment
[2025-06-20 23:40:07] [INFO] ============================================================
[2025-06-20 23:40:07] [INFO] 
📦 Stage 1: Building Python Libraries
[2025-06-20 23:40:07] [INFO] Building Python library: think-ai-consciousness v2.1.0
[2025-06-20 23:40:07] [INFO] Executing: cd . && python -m build
[2025-06-20 23:40:12] [INFO] Building Python library: think-ai-cli v0.1.0
[2025-06-20 23:40:12] [INFO] Executing: cd think-ai-cli/python && python -m build
[2025-06-20 23:40:17] [INFO] Building Python library: o1-vector-search v1.0.0
[2025-06-20 23:40:17] [INFO] Executing: cd o1-python && python -m build
[2025-06-20 23:40:21] [INFO] 
📦 Stage 2: Building JavaScript Libraries
[2025-06-20 23:40:21] [INFO] Building JavaScript library: think-ai-js v2.0.1
[2025-06-20 23:40:21] [INFO] Executing: cd npm && npm install
[2025-06-20 23:40:24] [INFO] Executing: cd npm && npm run build
[2025-06-20 23:40:25] [INFO] Executing: cd npm && npm pack
[2025-06-20 23:40:26] [INFO] Building JavaScript library: @think-ai/cli v0.2.0
[2025-06-20 23:40:26] [INFO] Executing: cd think-ai-cli/nodejs && npm install
[2025-06-20 23:40:27] [INFO] Executing: cd think-ai-cli/nodejs && npm run build
[2025-06-20 23:40:28] [INFO] Executing: cd think-ai-cli/nodejs && npm pack
[2025-06-20 23:40:29] [INFO] Building JavaScript library: o1-js v1.0.0
[2025-06-20 23:40:29] [INFO] Executing: cd o1-js && npm install
[2025-06-20 23:40:30] [INFO] Executing: cd o1-js && npm run build
[2025-06-20 23:40:31] [INFO] Executing: cd o1-js && npm pack
[2025-06-20 23:40:31] [INFO] 
🧪 Stage 3: Creating Test Environment
[2025-06-20 23:40:31] [INFO] Executing: python -m venv THINK_AI_DEPLOYMENT_20250620_234007/test_environment/venv
[2025-06-20 23:40:36] [INFO] 
🐍 Stage 4: Testing Python Installations
[2025-06-20 23:40:36] [INFO] Testing Python library installations
[2025-06-20 23:40:36] [INFO] Executing: THINK_AI_DEPLOYMENT_20250620_234007/test_environment/venv/bin/pip install THINK_AI_DEPLOYMENT_20250620_234007/python_packages/think-ai-consciousness/think_ai_consciousness-2.1.0-py3-none-any.whl
[2025-06-20 23:42:03] [INFO] Executing: THINK_AI_DEPLOYMENT_20250620_234007/test_environment/venv/bin/pip install THINK_AI_DEPLOYMENT_20250620_234007/python_packages/think-ai-cli/think_ai_cli-0.2.0-py3-none-any.whl
